<?xml version="1.0"?>
<coverage generated="1757329437">
  <project timestamp="1757329437">
    <metrics packages="0" files="105" loc="6411" ncloc="6063" classes="99" methods="480" coveredmethods="332" statements="1748" coveredstatements="965" elements="2228" coveredelements="1297" conditionals="0" coveredconditionals="0"/>
    <file name="/srv/App/Core/RouterFactory.php">
      <metrics loc="40" ncloc="40" classes="1" methods="3" coveredmethods="3" statements="10" coveredstatements="10" elements="13" coveredelements="13" conditionals="0" coveredconditionals="0"/>
      <class namespace="App\Core" name="RouterFactory">
        <metrics methods="3" coveredmethods="3" statements="10" coveredstatements="10" conditionals="0" coveredconditionals="0" elements="13" coveredelements="13"/>
      </class>
      <line num="16" type="stmt" count="1"/>
      <line num="18" type="stmt" count="1"/>
      <line num="19" type="stmt" count="1"/>
      <line num="21" type="stmt" count="1"/>
      <line num="26" type="stmt" count="1"/>
      <line num="27" type="stmt" count="1"/>
      <line num="29" type="stmt" count="1"/>
      <line num="34" type="stmt" count="1"/>
      <line num="35" type="stmt" count="1"/>
      <line num="37" type="stmt" count="1"/>
      <line num="9" type="stmt" count="1"/>
      <line num="41" type="stmt" count="1"/>
    </file>
    <file name="/srv/App/Console/Admin/BatchDelete.php">
      <metrics loc="62" ncloc="55" classes="1" methods="4" coveredmethods="0" statements="18" coveredstatements="0" elements="22" coveredelements="0" conditionals="0" coveredconditionals="0"/>
      <class namespace="App\Console\Admin" name="BatchDelete">
        <metrics methods="4" coveredmethods="0" statements="18" coveredstatements="0" conditionals="0" coveredconditionals="0" elements="22" coveredelements="0"/>
      </class>
      <line num="22" type="stmt" count="0"/>
      <line num="24" type="stmt" count="0"/>
      <line num="33" type="stmt" count="0"/>
      <line num="34" type="stmt" count="0"/>
      <line num="35" type="stmt" count="0"/>
      <line num="36" type="stmt" count="0"/>
      <line num="38" type="stmt" count="0"/>
      <line num="43" type="stmt" count="0"/>
      <line num="44" type="stmt" count="0"/>
      <line num="45" type="stmt" count="0"/>
      <line num="46" type="stmt" count="0"/>
      <line num="47" type="stmt" count="0"/>
      <line num="48" type="stmt" count="0"/>
      <line num="51" type="stmt" count="0"/>
      <line num="53" type="stmt" count="0"/>
      <line num="58" type="stmt" count="0"/>
      <line num="59" type="stmt" count="0"/>
      <line num="60" type="stmt" count="0"/>
      <line num="63" type="stmt" count="1"/>
    </file>
    <file name="/srv/App/Console/Admin/Test.php">
      <metrics loc="57" ncloc="56" classes="1" methods="3" coveredmethods="0" statements="23" coveredstatements="0" elements="26" coveredelements="0" conditionals="0" coveredconditionals="0"/>
      <class namespace="App\Console\Admin" name="Test">
        <metrics methods="3" coveredmethods="0" statements="23" coveredstatements="0" conditionals="0" coveredconditionals="0" elements="26" coveredelements="0"/>
      </class>
      <line num="18" type="stmt" count="0"/>
      <line num="20" type="stmt" count="0"/>
      <line num="21" type="stmt" count="0"/>
      <line num="25" type="stmt" count="0"/>
      <line num="26" type="stmt" count="0"/>
      <line num="27" type="stmt" count="0"/>
      <line num="31" type="stmt" count="0"/>
      <line num="32" type="stmt" count="0"/>
      <line num="34" type="stmt" count="0"/>
      <line num="35" type="stmt" count="0"/>
      <line num="37" type="stmt" count="0"/>
      <line num="39" type="stmt" count="0"/>
      <line num="40" type="stmt" count="0"/>
      <line num="41" type="stmt" count="0"/>
      <line num="42" type="stmt" count="0"/>
      <line num="44" type="stmt" count="0"/>
      <line num="45" type="stmt" count="0"/>
      <line num="46" type="stmt" count="0"/>
      <line num="47" type="stmt" count="0"/>
      <line num="48" type="stmt" count="0"/>
      <line num="50" type="stmt" count="0"/>
      <line num="52" type="stmt" count="0"/>
      <line num="54" type="stmt" count="0"/>
      <line num="58" type="stmt" count="1"/>
    </file>
    <file name="/srv/App/Console/Admin/HarvestExif.php">
      <metrics loc="86" ncloc="83" classes="1" methods="6" coveredmethods="0" statements="32" coveredstatements="0" elements="38" coveredelements="0" conditionals="0" coveredconditionals="0"/>
      <class namespace="App\Console\Admin" name="HarvestExif">
        <metrics methods="6" coveredmethods="0" statements="32" coveredstatements="0" conditionals="0" coveredconditionals="0" elements="38" coveredelements="0"/>
      </class>
      <line num="21" type="stmt" count="0"/>
      <line num="23" type="stmt" count="0"/>
      <line num="24" type="stmt" count="0"/>
      <line num="31" type="stmt" count="0"/>
      <line num="32" type="stmt" count="0"/>
      <line num="33" type="stmt" count="0"/>
      <line num="34" type="stmt" count="0"/>
      <line num="36" type="stmt" count="0"/>
      <line num="41" type="stmt" count="0"/>
      <line num="42" type="stmt" count="0"/>
      <line num="44" type="stmt" count="0"/>
      <line num="45" type="stmt" count="0"/>
      <line num="46" type="stmt" count="0"/>
      <line num="48" type="stmt" count="0"/>
      <line num="49" type="stmt" count="0"/>
      <line num="51" type="stmt" count="0"/>
      <line num="54" type="stmt" count="0"/>
      <line num="56" type="stmt" count="0"/>
      <line num="61" type="stmt" count="0"/>
      <line num="62" type="stmt" count="0"/>
      <line num="63" type="stmt" count="0"/>
      <line num="64" type="stmt" count="0"/>
      <line num="65" type="stmt" count="0"/>
      <line num="67" type="stmt" count="0"/>
      <line num="68" type="stmt" count="0"/>
      <line num="69" type="stmt" count="0"/>
      <line num="71" type="stmt" count="0"/>
      <line num="72" type="stmt" count="0"/>
      <line num="76" type="stmt" count="0"/>
      <line num="81" type="stmt" count="0"/>
      <line num="82" type="stmt" count="0"/>
      <line num="83" type="stmt" count="0"/>
      <line num="87" type="stmt" count="1"/>
    </file>
    <file name="/srv/App/Console/Admin/RefreshJp2.php">
      <metrics loc="86" ncloc="83" classes="1" methods="6" coveredmethods="0" statements="32" coveredstatements="0" elements="38" coveredelements="0" conditionals="0" coveredconditionals="0"/>
      <class namespace="App\Console\Admin" name="RefreshJp2">
        <metrics methods="6" coveredmethods="0" statements="32" coveredstatements="0" conditionals="0" coveredconditionals="0" elements="38" coveredelements="0"/>
      </class>
      <line num="24" type="stmt" count="0"/>
      <line num="26" type="stmt" count="0"/>
      <line num="27" type="stmt" count="0"/>
      <line num="34" type="stmt" count="0"/>
      <line num="35" type="stmt" count="0"/>
      <line num="36" type="stmt" count="0"/>
      <line num="37" type="stmt" count="0"/>
      <line num="39" type="stmt" count="0"/>
      <line num="44" type="stmt" count="0"/>
      <line num="45" type="stmt" count="0"/>
      <line num="46" type="stmt" count="0"/>
      <line num="50" type="stmt" count="0"/>
      <line num="55" type="stmt" count="0"/>
      <line num="60" type="stmt" count="0"/>
      <line num="61" type="stmt" count="0"/>
      <line num="62" type="stmt" count="0"/>
      <line num="63" type="stmt" count="0"/>
      <line num="65" type="stmt" count="0"/>
      <line num="66" type="stmt" count="0"/>
      <line num="67" type="stmt" count="0"/>
      <line num="68" type="stmt" count="0"/>
      <line num="69" type="stmt" count="0"/>
      <line num="70" type="stmt" count="0"/>
      <line num="71" type="stmt" count="0"/>
      <line num="72" type="stmt" count="0"/>
      <line num="73" type="stmt" count="0"/>
      <line num="74" type="stmt" count="0"/>
      <line num="76" type="stmt" count="0"/>
      <line num="77" type="stmt" count="0"/>
      <line num="78" type="stmt" count="0"/>
      <line num="81" type="stmt" count="0"/>
      <line num="83" type="stmt" count="0"/>
      <line num="87" type="stmt" count="1"/>
    </file>
    <file name="/srv/App/Console/Admin/BatchDownload.php">
      <metrics loc="62" ncloc="54" classes="1" methods="4" coveredmethods="0" statements="18" coveredstatements="0" elements="22" coveredelements="0" conditionals="0" coveredconditionals="0"/>
      <class namespace="App\Console\Admin" name="BatchDownload">
        <metrics methods="4" coveredmethods="0" statements="18" coveredstatements="0" conditionals="0" coveredconditionals="0" elements="22" coveredelements="0"/>
      </class>
      <line num="24" type="stmt" count="0"/>
      <line num="26" type="stmt" count="0"/>
      <line num="27" type="stmt" count="0"/>
      <line num="34" type="stmt" count="0"/>
      <line num="35" type="stmt" count="0"/>
      <line num="36" type="stmt" count="0"/>
      <line num="37" type="stmt" count="0"/>
      <line num="39" type="stmt" count="0"/>
      <line num="44" type="stmt" count="0"/>
      <line num="45" type="stmt" count="0"/>
      <line num="46" type="stmt" count="0"/>
      <line num="50" type="stmt" count="0"/>
      <line num="51" type="stmt" count="0"/>
      <line num="52" type="stmt" count="0"/>
      <line num="53" type="stmt" count="0"/>
      <line num="54" type="stmt" count="0"/>
      <line num="57" type="stmt" count="0"/>
      <line num="59" type="stmt" count="0"/>
      <line num="63" type="stmt" count="1"/>
    </file>
    <file name="/srv/App/Console/Admin/CreateThumbs640.php">
      <metrics loc="90" ncloc="87" classes="1" methods="6" coveredmethods="0" statements="34" coveredstatements="0" elements="40" coveredelements="0" conditionals="0" coveredconditionals="0"/>
      <class namespace="App\Console\Admin" name="CreateThumbs640">
        <metrics methods="6" coveredmethods="0" statements="34" coveredstatements="0" conditionals="0" coveredconditionals="0" elements="40" coveredelements="0"/>
      </class>
      <line num="24" type="stmt" count="0"/>
      <line num="26" type="stmt" count="0"/>
      <line num="27" type="stmt" count="0"/>
      <line num="34" type="stmt" count="0"/>
      <line num="35" type="stmt" count="0"/>
      <line num="36" type="stmt" count="0"/>
      <line num="37" type="stmt" count="0"/>
      <line num="39" type="stmt" count="0"/>
      <line num="44" type="stmt" count="0"/>
      <line num="45" type="stmt" count="0"/>
      <line num="46" type="stmt" count="0"/>
      <line num="50" type="stmt" count="0"/>
      <line num="55" type="stmt" count="0"/>
      <line num="60" type="stmt" count="0"/>
      <line num="61" type="stmt" count="0"/>
      <line num="62" type="stmt" count="0"/>
      <line num="63" type="stmt" count="0"/>
      <line num="66" type="stmt" count="0"/>
      <line num="67" type="stmt" count="0"/>
      <line num="68" type="stmt" count="0"/>
      <line num="69" type="stmt" count="0"/>
      <line num="70" type="stmt" count="0"/>
      <line num="71" type="stmt" count="0"/>
      <line num="72" type="stmt" count="0"/>
      <line num="73" type="stmt" count="0"/>
      <line num="74" type="stmt" count="0"/>
      <line num="75" type="stmt" count="0"/>
      <line num="76" type="stmt" count="0"/>
      <line num="77" type="stmt" count="0"/>
      <line num="78" type="stmt" count="0"/>
      <line num="79" type="stmt" count="0"/>
      <line num="80" type="stmt" count="0"/>
      <line num="85" type="stmt" count="0"/>
      <line num="87" type="stmt" count="0"/>
      <line num="91" type="stmt" count="1"/>
    </file>
    <file name="/srv/App/Console/Admin/BucketParity.php">
      <metrics loc="101" ncloc="86" classes="1" methods="7" coveredmethods="0" statements="33" coveredstatements="0" elements="40" coveredelements="0" conditionals="0" coveredconditionals="0"/>
      <class namespace="App\Console\Admin" name="BucketParity">
        <metrics methods="7" coveredmethods="0" statements="33" coveredstatements="0" conditionals="0" coveredconditionals="0" elements="40" coveredelements="0"/>
      </class>
      <line num="19" type="stmt" count="0"/>
      <line num="21" type="stmt" count="0"/>
      <line num="22" type="stmt" count="0"/>
      <line num="29" type="stmt" count="0"/>
      <line num="30" type="stmt" count="0"/>
      <line num="32" type="stmt" count="0"/>
      <line num="40" type="stmt" count="0"/>
      <line num="41" type="stmt" count="0"/>
      <line num="43" type="stmt" count="0"/>
      <line num="51" type="stmt" count="0"/>
      <line num="59" type="stmt" count="0"/>
      <line num="64" type="stmt" count="0"/>
      <line num="65" type="stmt" count="0"/>
      <line num="66" type="stmt" count="0"/>
      <line num="70" type="stmt" count="0"/>
      <line num="72" type="stmt" count="0"/>
      <line num="73" type="stmt" count="0"/>
      <line num="74" type="stmt" count="0"/>
      <line num="75" type="stmt" count="0"/>
      <line num="78" type="stmt" count="0"/>
      <line num="79" type="stmt" count="0"/>
      <line num="80" type="stmt" count="0"/>
      <line num="81" type="stmt" count="0"/>
      <line num="84" type="stmt" count="0"/>
      <line num="85" type="stmt" count="0"/>
      <line num="86" type="stmt" count="0"/>
      <line num="87" type="stmt" count="0"/>
      <line num="90" type="stmt" count="0"/>
      <line num="91" type="stmt" count="0"/>
      <line num="92" type="stmt" count="0"/>
      <line num="93" type="stmt" count="0"/>
      <line num="96" type="stmt" count="0"/>
      <line num="98" type="stmt" count="0"/>
      <line num="102" type="stmt" count="1"/>
    </file>
    <file name="/srv/App/Console/Scheduled/ProceedCuratorImage.php">
      <metrics loc="171" ncloc="161" classes="1" methods="7" coveredmethods="4" statements="82" coveredstatements="62" elements="89" coveredelements="66" conditionals="0" coveredconditionals="0"/>
      <class namespace="App\Console\Scheduled" name="ProceedCuratorImage">
        <metrics methods="7" coveredmethods="4" statements="82" coveredstatements="62" conditionals="0" coveredconditionals="0" elements="89" coveredelements="66"/>
      </class>
      <line num="27" type="stmt" count="1"/>
      <line num="29" type="stmt" count="1"/>
      <line num="30" type="stmt" count="1"/>
      <line num="34" type="stmt" count="1"/>
      <line num="35" type="stmt" count="1"/>
      <line num="36" type="stmt" count="1"/>
      <line num="40" type="stmt" count="1"/>
      <line num="41" type="stmt" count="1"/>
      <line num="44" type="stmt" count="1"/>
      <line num="45" type="stmt" count="0"/>
      <line num="46" type="stmt" count="0"/>
      <line num="47" type="stmt" count="0"/>
      <line num="49" type="stmt" count="1"/>
      <line num="50" type="stmt" count="1"/>
      <line num="53" type="stmt" count="1"/>
      <line num="55" type="stmt" count="1"/>
      <line num="56" type="stmt" count="0"/>
      <line num="57" type="stmt" count="0"/>
      <line num="58" type="stmt" count="0"/>
      <line num="63" type="stmt" count="1"/>
      <line num="64" type="stmt" count="0"/>
      <line num="65" type="stmt" count="0"/>
      <line num="66" type="stmt" count="0"/>
      <line num="70" type="stmt" count="1"/>
      <line num="72" type="stmt" count="1"/>
      <line num="77" type="stmt" count="1"/>
      <line num="78" type="stmt" count="1"/>
      <line num="79" type="stmt" count="1"/>
      <line num="80" type="stmt" count="1"/>
      <line num="82" type="stmt" count="1"/>
      <line num="86" type="stmt" count="1"/>
      <line num="87" type="stmt" count="1"/>
      <line num="89" type="stmt" count="1"/>
      <line num="90" type="stmt" count="1"/>
      <line num="91" type="stmt" count="1"/>
      <line num="92" type="stmt" count="1"/>
      <line num="93" type="stmt" count="1"/>
      <line num="94" type="stmt" count="1"/>
      <line num="95" type="stmt" count="1"/>
      <line num="96" type="stmt" count="1"/>
      <line num="98" type="stmt" count="1"/>
      <line num="99" type="stmt" count="1"/>
      <line num="100" type="stmt" count="1"/>
      <line num="101" type="stmt" count="0"/>
      <line num="102" type="stmt" count="0"/>
      <line num="103" type="stmt" count="0"/>
      <line num="104" type="stmt" count="0"/>
      <line num="107" type="stmt" count="1"/>
      <line num="108" type="stmt" count="1"/>
      <line num="110" type="stmt" count="1"/>
      <line num="115" type="stmt" count="1"/>
      <line num="116" type="stmt" count="1"/>
      <line num="117" type="stmt" count="1"/>
      <line num="118" type="stmt" count="1"/>
      <line num="121" type="stmt" count="1"/>
      <line num="122" type="stmt" count="1"/>
      <line num="123" type="stmt" count="1"/>
      <line num="126" type="stmt" count="1"/>
      <line num="131" type="stmt" count="1"/>
      <line num="134" type="stmt" count="1"/>
      <line num="135" type="stmt" count="1"/>
      <line num="137" type="stmt" count="1"/>
      <line num="138" type="stmt" count="1"/>
      <line num="140" type="stmt" count="1"/>
      <line num="145" type="stmt" count="1"/>
      <line num="146" type="stmt" count="1"/>
      <line num="148" type="stmt" count="1"/>
      <line num="150" type="stmt" count="1"/>
      <line num="151" type="stmt" count="1"/>
      <line num="152" type="stmt" count="1"/>
      <line num="153" type="stmt" count="1"/>
      <line num="154" type="stmt" count="1"/>
      <line num="155" type="stmt" count="0"/>
      <line num="156" type="stmt" count="0"/>
      <line num="157" type="stmt" count="0"/>
      <line num="158" type="stmt" count="0"/>
      <line num="159" type="stmt" count="0"/>
      <line num="160" type="stmt" count="0"/>
      <line num="161" type="stmt" count="0"/>
      <line num="165" type="stmt" count="1"/>
      <line num="166" type="stmt" count="1"/>
      <line num="168" type="stmt" count="1"/>
      <line num="172" type="stmt" count="1"/>
      <line num="19" type="stmt" count="1"/>
    </file>
    <file name="/srv/App/Security/SecurityUser.php">
      <metrics loc="13" ncloc="10" classes="1" methods="0" coveredmethods="0" statements="0" coveredstatements="0" elements="0" coveredelements="0" conditionals="0" coveredconditionals="0"/>
      <class namespace="App\Security" name="SecurityUser">
        <metrics methods="0" coveredmethods="0" statements="0" coveredstatements="0" conditionals="0" coveredconditionals="0" elements="0" coveredelements="0"/>
      </class>
      <line num="14" type="stmt" count="1"/>
    </file>
    <file name="/srv/App/Security/StaticAuthorizator.php">
      <metrics loc="50" ncloc="24" classes="1" methods="2" coveredmethods="0" statements="5" coveredstatements="0" elements="7" coveredelements="0" conditionals="0" coveredconditionals="0"/>
      <class namespace="App\Security" name="StaticAuthorizator">
        <metrics methods="2" coveredmethods="0" statements="5" coveredstatements="0" conditionals="0" coveredconditionals="0" elements="7" coveredelements="0"/>
      </class>
      <line num="16" type="stmt" count="0"/>
      <line num="18" type="stmt" count="0"/>
      <line num="35" type="stmt" count="0"/>
      <line num="36" type="stmt" count="0"/>
      <line num="37" type="stmt" count="0"/>
      <line num="7" type="stmt" count="1"/>
      <line num="51" type="stmt" count="1"/>
    </file>
    <file name="/srv/App/Security/Identity.php">
      <metrics loc="15" ncloc="15" classes="1" methods="1" coveredmethods="1" statements="1" coveredstatements="1" elements="2" coveredelements="2" conditionals="0" coveredconditionals="0"/>
      <class namespace="App\Security" name="Identity">
        <metrics methods="1" coveredmethods="1" statements="1" coveredstatements="1" conditionals="0" coveredconditionals="0" elements="2" coveredelements="2"/>
      </class>
      <line num="12" type="stmt" count="1"/>
      <line num="16" type="stmt" count="1"/>
      <line num="7" type="stmt" count="1"/>
    </file>
    <file name="/srv/App/Security/UserAuthenticator.php">
      <metrics loc="61" ncloc="49" classes="1" methods="3" coveredmethods="3" statements="14" coveredstatements="14" elements="17" coveredelements="17" conditionals="0" coveredconditionals="0"/>
      <class namespace="App\Security" name="UserAuthenticator">
        <metrics methods="3" coveredmethods="3" statements="14" coveredstatements="14" conditionals="0" coveredconditionals="0" elements="17" coveredelements="17"/>
      </class>
      <line num="17" type="stmt" count="1"/>
      <line num="19" type="stmt" count="1"/>
      <line num="23" type="stmt" count="1"/>
      <line num="24" type="stmt" count="1"/>
      <line num="25" type="stmt" count="1"/>
      <line num="28" type="stmt" count="1"/>
      <line num="29" type="stmt" count="1"/>
      <line num="32" type="stmt" count="1"/>
      <line num="33" type="stmt" count="1"/>
      <line num="34" type="stmt" count="1"/>
      <line num="35" type="stmt" count="1"/>
      <line num="44" type="stmt" count="1"/>
      <line num="45" type="stmt" count="1"/>
      <line num="48" type="stmt" count="1"/>
      <line num="12" type="stmt" count="1"/>
      <line num="62" type="stmt" count="1"/>
    </file>
    <file name="/srv/App/Model/IIIF/ManifestFactory.php">
      <metrics loc="151" ncloc="148" classes="1" methods="9" coveredmethods="9" statements="60" coveredstatements="60" elements="69" coveredelements="69" conditionals="0" coveredconditionals="0"/>
      <class namespace="App\Model\IIIF" name="ManifestFactory">
        <metrics methods="9" coveredmethods="9" statements="60" coveredstatements="60" conditionals="0" coveredconditionals="0" elements="69" coveredelements="69"/>
      </class>
      <line num="33" type="stmt" count="1"/>
      <line num="35" type="stmt" count="1"/>
      <line num="36" type="stmt" count="1"/>
      <line num="40" type="stmt" count="1"/>
      <line num="41" type="stmt" count="1"/>
      <line num="42" type="stmt" count="1"/>
      <line num="44" type="stmt" count="1"/>
      <line num="45" type="stmt" count="1"/>
      <line num="46" type="stmt" count="1"/>
      <line num="47" type="stmt" count="1"/>
      <line num="48" type="stmt" count="1"/>
      <line num="49" type="stmt" count="1"/>
      <line num="50" type="stmt" count="1"/>
      <line num="51" type="stmt" count="1"/>
      <line num="53" type="stmt" count="1"/>
      <line num="54" type="stmt" count="1"/>
      <line num="57" type="stmt" count="1"/>
      <line num="62" type="stmt" count="1"/>
      <line num="63" type="stmt" count="1"/>
      <line num="65" type="stmt" count="1"/>
      <line num="66" type="stmt" count="1"/>
      <line num="68" type="stmt" count="1"/>
      <line num="73" type="stmt" count="1"/>
      <line num="75" type="stmt" count="1"/>
      <line num="76" type="stmt" count="1"/>
      <line num="78" type="stmt" count="1"/>
      <line num="83" type="stmt" count="1"/>
      <line num="84" type="stmt" count="1"/>
      <line num="85" type="stmt" count="1"/>
      <line num="88" type="stmt" count="1"/>
      <line num="93" type="stmt" count="1"/>
      <line num="96" type="stmt" count="1"/>
      <line num="97" type="stmt" count="1"/>
      <line num="98" type="stmt" count="1"/>
      <line num="100" type="stmt" count="1"/>
      <line num="101" type="stmt" count="1"/>
      <line num="104" type="stmt" count="1"/>
      <line num="112" type="stmt" count="1"/>
      <line num="117" type="stmt" count="1"/>
      <line num="118" type="stmt" count="1"/>
      <line num="119" type="stmt" count="1"/>
      <line num="121" type="stmt" count="1"/>
      <line num="122" type="stmt" count="1"/>
      <line num="123" type="stmt" count="1"/>
      <line num="124" type="stmt" count="1"/>
      <line num="125" type="stmt" count="1"/>
      <line num="126" type="stmt" count="1"/>
      <line num="128" type="stmt" count="1"/>
      <line num="133" type="stmt" count="1"/>
      <line num="135" type="stmt" count="1"/>
      <line num="136" type="stmt" count="1"/>
      <line num="137" type="stmt" count="1"/>
      <line num="138" type="stmt" count="1"/>
      <line num="139" type="stmt" count="1"/>
      <line num="140" type="stmt" count="1"/>
      <line num="142" type="stmt" count="1"/>
      <line num="144" type="stmt" count="1"/>
      <line num="145" type="stmt" count="1"/>
      <line num="146" type="stmt" count="1"/>
      <line num="148" type="stmt" count="1"/>
      <line num="152" type="stmt" count="1"/>
    </file>
    <file name="/srv/App/Model/Specimen/Specimen.php">
      <metrics loc="44" ncloc="44" classes="1" methods="5" coveredmethods="5" statements="7" coveredstatements="7" elements="12" coveredelements="12" conditionals="0" coveredconditionals="0"/>
      <class namespace="App\Model\Specimen" name="Specimen">
        <metrics methods="5" coveredmethods="5" statements="7" coveredstatements="7" conditionals="0" coveredconditionals="0" elements="12" coveredelements="12"/>
      </class>
      <line num="17" type="stmt" count="1"/>
      <line num="22" type="stmt" count="1"/>
      <line num="27" type="stmt" count="1"/>
      <line num="29" type="stmt" count="1"/>
      <line num="34" type="stmt" count="1"/>
      <line num="39" type="stmt" count="1"/>
      <line num="41" type="stmt" count="1"/>
      <line num="45" type="stmt" count="1"/>
    </file>
    <file name="/srv/App/Model/Specimen/SpecimenFactory.php">
      <metrics loc="41" ncloc="41" classes="1" methods="3" coveredmethods="3" statements="13" coveredstatements="13" elements="16" coveredelements="16" conditionals="0" coveredconditionals="0"/>
      <class namespace="App\Model\Specimen" name="SpecimenFactory">
        <metrics methods="3" coveredmethods="3" statements="13" coveredstatements="13" conditionals="0" coveredconditionals="0" elements="16" coveredelements="16"/>
      </class>
      <line num="13" type="stmt" count="1"/>
      <line num="15" type="stmt" count="1"/>
      <line num="19" type="stmt" count="1"/>
      <line num="20" type="stmt" count="1"/>
      <line num="23" type="stmt" count="1"/>
      <line num="24" type="stmt" count="1"/>
      <line num="26" type="stmt" count="1"/>
      <line num="27" type="stmt" count="1"/>
      <line num="29" type="stmt" count="1"/>
      <line num="34" type="stmt" count="1"/>
      <line num="35" type="stmt" count="1"/>
      <line num="36" type="stmt" count="1"/>
      <line num="38" type="stmt" count="1"/>
      <line num="42" type="stmt" count="1"/>
    </file>
    <file name="/srv/App/Model/Database/Entity/PhotosType.php">
      <metrics loc="63" ncloc="63" classes="1" methods="6" coveredmethods="6" statements="9" coveredstatements="9" elements="15" coveredelements="15" conditionals="0" coveredconditionals="0"/>
      <class namespace="App\Model\Database\Entity" name="PhotosType">
        <metrics methods="6" coveredmethods="6" statements="9" coveredstatements="9" conditionals="0" coveredconditionals="0" elements="15" coveredelements="15"/>
      </class>
      <line num="29" type="stmt" count="1"/>
      <line num="34" type="stmt" count="1"/>
      <line num="39" type="stmt" count="1"/>
      <line num="44" type="stmt" count="1"/>
      <line num="46" type="stmt" count="1"/>
      <line num="51" type="stmt" count="1"/>
      <line num="52" type="stmt" count="1"/>
      <line num="57" type="stmt" count="1"/>
      <line num="58" type="stmt" count="1"/>
      <line num="13" type="stmt" count="1"/>
      <line num="64" type="stmt" count="1"/>
    </file>
    <file name="/srv/App/Model/Database/Entity/PhotosStatus.php">
      <metrics loc="71" ncloc="71" classes="1" methods="6" coveredmethods="6" statements="9" coveredstatements="9" elements="15" coveredelements="15" conditionals="0" coveredconditionals="0"/>
      <class namespace="App\Model\Database\Entity" name="PhotosStatus">
        <metrics methods="6" coveredmethods="6" statements="9" coveredstatements="9" conditionals="0" coveredconditionals="0" elements="15" coveredelements="15"/>
      </class>
      <line num="37" type="stmt" count="1"/>
      <line num="42" type="stmt" count="1"/>
      <line num="47" type="stmt" count="1"/>
      <line num="52" type="stmt" count="1"/>
      <line num="54" type="stmt" count="1"/>
      <line num="59" type="stmt" count="1"/>
      <line num="60" type="stmt" count="1"/>
      <line num="65" type="stmt" count="1"/>
      <line num="66" type="stmt" count="1"/>
      <line num="12" type="stmt" count="1"/>
      <line num="72" type="stmt" count="1"/>
    </file>
    <file name="/srv/App/Model/Database/Entity/Photos.php">
      <metrics loc="341" ncloc="327" classes="1" methods="40" coveredmethods="39" statements="65" coveredstatements="64" elements="105" coveredelements="103" conditionals="0" coveredconditionals="0"/>
      <class namespace="App\Model\Database\Entity" name="Photos">
        <metrics methods="40" coveredmethods="39" statements="65" coveredstatements="64" conditionals="0" coveredconditionals="0" elements="105" coveredelements="103"/>
      </class>
      <line num="89" type="stmt" count="1"/>
      <line num="90" type="stmt" count="1"/>
      <line num="94" type="stmt" count="1"/>
      <line num="99" type="stmt" count="1"/>
      <line num="101" type="stmt" count="1"/>
      <line num="106" type="stmt" count="1"/>
      <line num="111" type="stmt" count="1"/>
      <line num="113" type="stmt" count="1"/>
      <line num="118" type="stmt" count="1"/>
      <line num="123" type="stmt" count="1"/>
      <line num="125" type="stmt" count="1"/>
      <line num="130" type="stmt" count="1"/>
      <line num="135" type="stmt" count="1"/>
      <line num="137" type="stmt" count="1"/>
      <line num="142" type="stmt" count="1"/>
      <line num="147" type="stmt" count="1"/>
      <line num="149" type="stmt" count="1"/>
      <line num="154" type="stmt" count="1"/>
      <line num="159" type="stmt" count="1"/>
      <line num="161" type="stmt" count="1"/>
      <line num="166" type="stmt" count="1"/>
      <line num="171" type="stmt" count="1"/>
      <line num="176" type="stmt" count="1"/>
      <line num="178" type="stmt" count="1"/>
      <line num="183" type="stmt" count="1"/>
      <line num="188" type="stmt" count="1"/>
      <line num="190" type="stmt" count="1"/>
      <line num="195" type="stmt" count="1"/>
      <line num="200" type="stmt" count="1"/>
      <line num="205" type="stmt" count="1"/>
      <line num="207" type="stmt" count="1"/>
      <line num="212" type="stmt" count="1"/>
      <line num="217" type="stmt" count="1"/>
      <line num="219" type="stmt" count="1"/>
      <line num="227" type="stmt" count="1"/>
      <line num="235" type="stmt" count="1"/>
      <line num="237" type="stmt" count="1"/>
      <line num="245" type="stmt" count="1"/>
      <line num="253" type="stmt" count="1"/>
      <line num="255" type="stmt" count="1"/>
      <line num="260" type="stmt" count="1"/>
      <line num="265" type="stmt" count="1"/>
      <line num="266" type="stmt" count="1"/>
      <line num="267" type="stmt" count="1"/>
      <line num="270" type="stmt" count="1"/>
      <line num="275" type="stmt" count="1"/>
      <line num="276" type="stmt" count="1"/>
      <line num="278" type="stmt" count="1"/>
      <line num="282" type="stmt" count="1"/>
      <line num="287" type="stmt" count="1"/>
      <line num="288" type="stmt" count="1"/>
      <line num="291" type="stmt" count="1"/>
      <line num="296" type="stmt" count="1"/>
      <line num="297" type="stmt" count="1"/>
      <line num="299" type="stmt" count="1"/>
      <line num="304" type="stmt" count="1"/>
      <line num="309" type="stmt" count="1"/>
      <line num="311" type="stmt" count="1"/>
      <line num="316" type="stmt" count="1"/>
      <line num="321" type="stmt" count="1"/>
      <line num="322" type="stmt" count="1"/>
      <line num="327" type="stmt" count="1"/>
      <line num="332" type="stmt" count="1"/>
      <line num="333" type="stmt" count="1"/>
      <line num="338" type="stmt" count="0"/>
      <line num="23" type="stmt" count="1"/>
      <line num="342" type="stmt" count="1"/>
    </file>
    <file name="/srv/App/Model/Database/Entity/Attributes/TOriginalFileAt.php">
      <metrics loc="27" ncloc="27" classes="1" methods="2" coveredmethods="2" statements="3" coveredstatements="3" elements="5" coveredelements="5" conditionals="0" coveredconditionals="0"/>
      <class namespace="App\Model\Database\Entity\Attributes" name="TOriginalFileAt">
        <metrics methods="2" coveredmethods="2" statements="3" coveredstatements="3" conditionals="0" coveredconditionals="0" elements="5" coveredelements="5"/>
      </class>
      <line num="17" type="stmt" count="1"/>
      <line num="22" type="stmt" count="1"/>
      <line num="24" type="stmt" count="1"/>
      <line num="28" type="stmt" count="1"/>
    </file>
    <file name="/srv/App/Model/Database/Entity/Attributes/TLastEditAt.php">
      <metrics loc="29" ncloc="29" classes="1" methods="2" coveredmethods="2" statements="3" coveredstatements="3" elements="5" coveredelements="5" conditionals="0" coveredconditionals="0"/>
      <class namespace="App\Model\Database\Entity\Attributes" name="TLastEditAt">
        <metrics methods="2" coveredmethods="2" statements="3" coveredstatements="3" conditionals="0" coveredconditionals="0" elements="5" coveredelements="5"/>
      </class>
      <line num="18" type="stmt" count="1"/>
      <line num="24" type="stmt" count="1"/>
      <line num="26" type="stmt" count="1"/>
      <line num="30" type="stmt" count="1"/>
    </file>
    <file name="/srv/App/Model/Database/Entity/Attributes/TCreatedAt.php">
      <metrics loc="27" ncloc="27" classes="1" methods="2" coveredmethods="2" statements="3" coveredstatements="3" elements="5" coveredelements="5" conditionals="0" coveredconditionals="0"/>
      <class namespace="App\Model\Database\Entity\Attributes" name="TCreatedAt">
        <metrics methods="2" coveredmethods="2" statements="3" coveredstatements="3" conditionals="0" coveredconditionals="0" elements="5" coveredelements="5"/>
      </class>
      <line num="17" type="stmt" count="1"/>
      <line num="22" type="stmt" count="1"/>
      <line num="24" type="stmt" count="1"/>
      <line num="28" type="stmt" count="1"/>
    </file>
    <file name="/srv/App/Model/Database/Entity/Attributes/TId.php">
      <metrics loc="27" ncloc="27" classes="1" methods="2" coveredmethods="2" statements="3" coveredstatements="3" elements="5" coveredelements="5" conditionals="0" coveredconditionals="0"/>
      <class namespace="App\Model\Database\Entity\Attributes" name="TId">
        <metrics methods="2" coveredmethods="2" statements="3" coveredstatements="3" conditionals="0" coveredconditionals="0" elements="5" coveredelements="5"/>
      </class>
      <line num="19" type="stmt" count="1"/>
      <line num="24" type="stmt" count="1"/>
      <line num="25" type="stmt" count="1"/>
      <line num="28" type="stmt" count="1"/>
    </file>
    <file name="/srv/App/Model/Database/Entity/ImportMultiplier.php">
      <metrics loc="69" ncloc="67" classes="1" methods="6" coveredmethods="3" statements="11" coveredstatements="5" elements="17" coveredelements="8" conditionals="0" coveredconditionals="0"/>
      <class namespace="App\Model\Database\Entity" name="ImportMultiplier">
        <metrics methods="6" coveredmethods="3" statements="11" coveredstatements="5" conditionals="0" coveredconditionals="0" elements="17" coveredelements="8"/>
      </class>
      <line num="33" type="stmt" count="0"/>
      <line num="38" type="stmt" count="1"/>
      <line num="40" type="stmt" count="1"/>
      <line num="45" type="stmt" count="1"/>
      <line num="50" type="stmt" count="1"/>
      <line num="51" type="stmt" count="1"/>
      <line num="56" type="stmt" count="0"/>
      <line num="57" type="stmt" count="0"/>
      <line num="59" type="stmt" count="0"/>
      <line num="64" type="stmt" count="0"/>
      <line num="65" type="stmt" count="0"/>
      <line num="17" type="stmt" count="1"/>
      <line num="70" type="stmt" count="1"/>
    </file>
    <file name="/srv/App/Model/Database/Entity/Databot.php">
      <metrics loc="113" ncloc="113" classes="1" methods="12" coveredmethods="12" statements="18" coveredstatements="18" elements="30" coveredelements="30" conditionals="0" coveredconditionals="0"/>
      <class namespace="App\Model\Database\Entity" name="Databot">
        <metrics methods="12" coveredmethods="12" statements="18" coveredstatements="18" conditionals="0" coveredconditionals="0" elements="30" coveredelements="30"/>
      </class>
      <line num="49" type="stmt" count="1"/>
      <line num="54" type="stmt" count="1"/>
      <line num="55" type="stmt" count="1"/>
      <line num="60" type="stmt" count="1"/>
      <line num="65" type="stmt" count="1"/>
      <line num="66" type="stmt" count="1"/>
      <line num="71" type="stmt" count="1"/>
      <line num="76" type="stmt" count="1"/>
      <line num="77" type="stmt" count="1"/>
      <line num="82" type="stmt" count="1"/>
      <line num="87" type="stmt" count="1"/>
      <line num="88" type="stmt" count="1"/>
      <line num="93" type="stmt" count="1"/>
      <line num="98" type="stmt" count="1"/>
      <line num="99" type="stmt" count="1"/>
      <line num="104" type="stmt" count="1"/>
      <line num="109" type="stmt" count="1"/>
      <line num="110" type="stmt" count="1"/>
      <line num="19" type="stmt" count="1"/>
      <line num="114" type="stmt" count="1"/>
    </file>
    <file name="/srv/App/Model/Database/Entity/Maintenance.php">
      <metrics loc="61" ncloc="61" classes="1" methods="6" coveredmethods="6" statements="9" coveredstatements="9" elements="15" coveredelements="15" conditionals="0" coveredconditionals="0"/>
      <class namespace="App\Model\Database\Entity" name="Maintenance">
        <metrics methods="6" coveredmethods="6" statements="9" coveredstatements="9" conditionals="0" coveredconditionals="0" elements="15" coveredelements="15"/>
      </class>
      <line num="29" type="stmt" count="1"/>
      <line num="34" type="stmt" count="1"/>
      <line num="35" type="stmt" count="1"/>
      <line num="40" type="stmt" count="1"/>
      <line num="45" type="stmt" count="1"/>
      <line num="46" type="stmt" count="1"/>
      <line num="51" type="stmt" count="1"/>
      <line num="56" type="stmt" count="1"/>
      <line num="57" type="stmt" count="1"/>
      <line num="13" type="stmt" count="1"/>
      <line num="62" type="stmt" count="1"/>
    </file>
    <file name="/srv/App/Model/Database/Entity/DatabotResult.php">
      <metrics loc="98" ncloc="97" classes="1" methods="10" coveredmethods="10" statements="15" coveredstatements="15" elements="25" coveredelements="25" conditionals="0" coveredconditionals="0"/>
      <class namespace="App\Model\Database\Entity" name="DatabotResult">
        <metrics methods="10" coveredmethods="10" statements="15" coveredstatements="15" conditionals="0" coveredconditionals="0" elements="25" coveredelements="25"/>
      </class>
      <line num="44" type="stmt" count="1"/>
      <line num="49" type="stmt" count="1"/>
      <line num="50" type="stmt" count="1"/>
      <line num="55" type="stmt" count="1"/>
      <line num="60" type="stmt" count="1"/>
      <line num="61" type="stmt" count="1"/>
      <line num="66" type="stmt" count="1"/>
      <line num="71" type="stmt" count="1"/>
      <line num="72" type="stmt" count="1"/>
      <line num="77" type="stmt" count="1"/>
      <line num="82" type="stmt" count="1"/>
      <line num="83" type="stmt" count="1"/>
      <line num="88" type="stmt" count="1"/>
      <line num="93" type="stmt" count="1"/>
      <line num="94" type="stmt" count="1"/>
      <line num="15" type="stmt" count="1"/>
      <line num="99" type="stmt" count="1"/>
    </file>
    <file name="/srv/App/Model/Database/Entity/User.php">
      <metrics loc="166" ncloc="166" classes="1" methods="19" coveredmethods="19" statements="28" coveredstatements="28" elements="47" coveredelements="47" conditionals="0" coveredconditionals="0"/>
      <class namespace="App\Model\Database\Entity" name="User">
        <metrics methods="19" coveredmethods="19" statements="28" coveredstatements="28" conditionals="0" coveredconditionals="0" elements="47" coveredelements="47"/>
      </class>
      <line num="55" type="stmt" count="1"/>
      <line num="60" type="stmt" count="1"/>
      <line num="62" type="stmt" count="1"/>
      <line num="67" type="stmt" count="1"/>
      <line num="72" type="stmt" count="1"/>
      <line num="74" type="stmt" count="1"/>
      <line num="79" type="stmt" count="1"/>
      <line num="84" type="stmt" count="1"/>
      <line num="86" type="stmt" count="1"/>
      <line num="91" type="stmt" count="1"/>
      <line num="96" type="stmt" count="1"/>
      <line num="98" type="stmt" count="1"/>
      <line num="103" type="stmt" count="1"/>
      <line num="108" type="stmt" count="1"/>
      <line num="110" type="stmt" count="1"/>
      <line num="115" type="stmt" count="1"/>
      <line num="120" type="stmt" count="1"/>
      <line num="122" type="stmt" count="1"/>
      <line num="127" type="stmt" count="1"/>
      <line num="132" type="stmt" count="1"/>
      <line num="134" type="stmt" count="1"/>
      <line num="139" type="stmt" count="1"/>
      <line num="144" type="stmt" count="1"/>
      <line num="149" type="stmt" count="1"/>
      <line num="151" type="stmt" count="1"/>
      <line num="156" type="stmt" count="1"/>
      <line num="161" type="stmt" count="1"/>
      <line num="163" type="stmt" count="1"/>
      <line num="17" type="stmt" count="1"/>
      <line num="167" type="stmt" count="1"/>
    </file>
    <file name="/srv/App/Model/Database/Entity/Herbaria.php">
      <metrics loc="222" ncloc="222" classes="1" methods="26" coveredmethods="24" statements="42" coveredstatements="40" elements="68" coveredelements="64" conditionals="0" coveredconditionals="0"/>
      <class namespace="App\Model\Database\Entity" name="Herbaria">
        <metrics methods="26" coveredmethods="24" statements="42" coveredstatements="40" conditionals="0" coveredconditionals="0" elements="68" coveredelements="64"/>
      </class>
      <line num="68" type="stmt" count="1"/>
      <line num="69" type="stmt" count="1"/>
      <line num="70" type="stmt" count="1"/>
      <line num="71" type="stmt" count="1"/>
      <line num="75" type="stmt" count="1"/>
      <line num="80" type="stmt" count="1"/>
      <line num="82" type="stmt" count="1"/>
      <line num="87" type="stmt" count="1"/>
      <line num="92" type="stmt" count="1"/>
      <line num="97" type="stmt" count="1"/>
      <line num="99" type="stmt" count="1"/>
      <line num="104" type="stmt" count="1"/>
      <line num="109" type="stmt" count="1"/>
      <line num="111" type="stmt" count="1"/>
      <line num="116" type="stmt" count="1"/>
      <line num="121" type="stmt" count="1"/>
      <line num="126" type="stmt" count="1"/>
      <line num="128" type="stmt" count="1"/>
      <line num="133" type="stmt" count="1"/>
      <line num="138" type="stmt" count="1"/>
      <line num="143" type="stmt" count="1"/>
      <line num="145" type="stmt" count="1"/>
      <line num="150" type="stmt" count="1"/>
      <line num="155" type="stmt" count="1"/>
      <line num="157" type="stmt" count="1"/>
      <line num="162" type="stmt" count="1"/>
      <line num="167" type="stmt" count="1"/>
      <line num="172" type="stmt" count="1"/>
      <line num="173" type="stmt" count="1"/>
      <line num="178" type="stmt" count="1"/>
      <line num="179" type="stmt" count="1"/>
      <line num="184" type="stmt" count="1"/>
      <line num="185" type="stmt" count="1"/>
      <line num="190" type="stmt" count="1"/>
      <line num="191" type="stmt" count="1"/>
      <line num="194" type="stmt" count="1"/>
      <line num="199" type="stmt" count="1"/>
      <line num="201" type="stmt" count="1"/>
      <line num="206" type="stmt" count="0"/>
      <line num="211" type="stmt" count="0"/>
      <line num="216" type="stmt" count="1"/>
      <line num="217" type="stmt" count="1"/>
      <line num="20" type="stmt" count="1"/>
      <line num="223" type="stmt" count="1"/>
    </file>
    <file name="/srv/App/Model/Database/Entity/UserRole.php">
      <metrics loc="50" ncloc="50" classes="1" methods="4" coveredmethods="4" statements="6" coveredstatements="6" elements="10" coveredelements="10" conditionals="0" coveredconditionals="0"/>
      <class namespace="App\Model\Database\Entity" name="UserRole">
        <metrics methods="4" coveredmethods="4" statements="6" coveredstatements="6" conditionals="0" coveredconditionals="0" elements="10" coveredelements="10"/>
      </class>
      <line num="29" type="stmt" count="1"/>
      <line num="34" type="stmt" count="1"/>
      <line num="39" type="stmt" count="1"/>
      <line num="40" type="stmt" count="1"/>
      <line num="45" type="stmt" count="1"/>
      <line num="46" type="stmt" count="1"/>
      <line num="12" type="stmt" count="1"/>
      <line num="51" type="stmt" count="1"/>
    </file>
    <file name="/srv/App/Model/Database/Entity/Contact.php">
      <metrics loc="100" ncloc="100" classes="1" methods="11" coveredmethods="11" statements="16" coveredstatements="16" elements="27" coveredelements="27" conditionals="0" coveredconditionals="0"/>
      <class namespace="App\Model\Database\Entity" name="Contact">
        <metrics methods="11" coveredmethods="11" statements="16" coveredstatements="16" conditionals="0" coveredconditionals="0" elements="27" coveredelements="27"/>
      </class>
      <line num="37" type="stmt" count="1"/>
      <line num="42" type="stmt" count="1"/>
      <line num="44" type="stmt" count="1"/>
      <line num="49" type="stmt" count="1"/>
      <line num="54" type="stmt" count="1"/>
      <line num="56" type="stmt" count="1"/>
      <line num="61" type="stmt" count="1"/>
      <line num="66" type="stmt" count="1"/>
      <line num="68" type="stmt" count="1"/>
      <line num="73" type="stmt" count="1"/>
      <line num="78" type="stmt" count="1"/>
      <line num="80" type="stmt" count="1"/>
      <line num="85" type="stmt" count="1"/>
      <line num="90" type="stmt" count="1"/>
      <line num="92" type="stmt" count="1"/>
      <line num="97" type="stmt" count="1"/>
      <line num="14" type="stmt" count="1"/>
      <line num="101" type="stmt" count="1"/>
    </file>
    <file name="/srv/App/Model/Database/Entity/License.php">
      <metrics loc="63" ncloc="63" classes="1" methods="6" coveredmethods="3" statements="9" coveredstatements="6" elements="15" coveredelements="9" conditionals="0" coveredconditionals="0"/>
      <class namespace="App\Model\Database\Entity" name="License">
        <metrics methods="6" coveredmethods="3" statements="9" coveredstatements="6" conditionals="0" coveredconditionals="0" elements="15" coveredelements="9"/>
      </class>
      <line num="29" type="stmt" count="0"/>
      <line num="34" type="stmt" count="0"/>
      <line num="39" type="stmt" count="1"/>
      <line num="40" type="stmt" count="1"/>
      <line num="45" type="stmt" count="1"/>
      <line num="46" type="stmt" count="1"/>
      <line num="51" type="stmt" count="0"/>
      <line num="56" type="stmt" count="1"/>
      <line num="57" type="stmt" count="1"/>
      <line num="13" type="stmt" count="1"/>
      <line num="64" type="stmt" count="1"/>
    </file>
    <file name="/srv/App/Model/Database/Entity/ImportError.php">
      <metrics loc="100" ncloc="98" classes="1" methods="10" coveredmethods="10" statements="15" coveredstatements="15" elements="25" coveredelements="25" conditionals="0" coveredconditionals="0"/>
      <class namespace="App\Model\Database\Entity" name="ImportError">
        <metrics methods="10" coveredmethods="10" statements="15" coveredstatements="15" conditionals="0" coveredconditionals="0" elements="25" coveredelements="25"/>
      </class>
      <line num="42" type="stmt" count="1"/>
      <line num="47" type="stmt" count="1"/>
      <line num="49" type="stmt" count="1"/>
      <line num="54" type="stmt" count="1"/>
      <line num="59" type="stmt" count="1"/>
      <line num="61" type="stmt" count="1"/>
      <line num="66" type="stmt" count="1"/>
      <line num="71" type="stmt" count="1"/>
      <line num="73" type="stmt" count="1"/>
      <line num="78" type="stmt" count="1"/>
      <line num="83" type="stmt" count="1"/>
      <line num="85" type="stmt" count="1"/>
      <line num="90" type="stmt" count="1"/>
      <line num="95" type="stmt" count="1"/>
      <line num="97" type="stmt" count="1"/>
      <line num="17" type="stmt" count="1"/>
      <line num="101" type="stmt" count="1"/>
    </file>
    <file name="/srv/App/Model/Database/Enums/EnumDatabotRoleType.php">
      <metrics loc="37" ncloc="37" classes="1" methods="5" coveredmethods="5" statements="5" coveredstatements="5" elements="10" coveredelements="10" conditionals="0" coveredconditionals="0"/>
      <class namespace="App\Model\Database\Enums" name="EnumDatabotRoleType">
        <metrics methods="5" coveredmethods="5" statements="5" coveredstatements="5" conditionals="0" coveredconditionals="0" elements="10" coveredelements="10"/>
      </class>
      <line num="14" type="stmt" count="1"/>
      <line num="19" type="stmt" count="1"/>
      <line num="24" type="stmt" count="1"/>
      <line num="29" type="stmt" count="1"/>
      <line num="34" type="stmt" count="1"/>
      <line num="8" type="stmt" count="1"/>
      <line num="38" type="stmt" count="1"/>
    </file>
    <file name="/srv/App/Model/Database/Enums/EnumDatabotStatusType.php">
      <metrics loc="37" ncloc="37" classes="1" methods="5" coveredmethods="5" statements="5" coveredstatements="5" elements="10" coveredelements="10" conditionals="0" coveredconditionals="0"/>
      <class namespace="App\Model\Database\Enums" name="EnumDatabotStatusType">
        <metrics methods="5" coveredmethods="5" statements="5" coveredstatements="5" conditionals="0" coveredconditionals="0" elements="10" coveredelements="10"/>
      </class>
      <line num="14" type="stmt" count="1"/>
      <line num="19" type="stmt" count="1"/>
      <line num="24" type="stmt" count="1"/>
      <line num="29" type="stmt" count="1"/>
      <line num="34" type="stmt" count="1"/>
      <line num="38" type="stmt" count="1"/>
      <line num="8" type="stmt" count="1"/>
    </file>
    <file name="/srv/App/Model/Database/Enums/DatabotResultStatus.php">
      <metrics loc="11" ncloc="11" classes="0" methods="0" coveredmethods="0" statements="0" coveredstatements="0" elements="0" coveredelements="0" conditionals="0" coveredconditionals="0"/>
      <line num="5" type="stmt" count="1"/>
      <line num="12" type="stmt" count="1"/>
    </file>
    <file name="/srv/App/Model/Database/Enums/DatabotRole.php">
      <metrics loc="10" ncloc="10" classes="0" methods="0" coveredmethods="0" statements="0" coveredstatements="0" elements="0" coveredelements="0" conditionals="0" coveredconditionals="0"/>
      <line num="5" type="stmt" count="1"/>
      <line num="11" type="stmt" count="1"/>
    </file>
    <file name="/srv/App/Model/Database/Repository/AbstractRepository.php">
      <metrics loc="50" ncloc="39" classes="1" methods="0" coveredmethods="0" statements="0" coveredstatements="0" elements="0" coveredelements="0" conditionals="0" coveredconditionals="0"/>
      <class namespace="App\Model\Database\Repository" name="AbstractRepository">
        <metrics methods="0" coveredmethods="0" statements="0" coveredstatements="0" conditionals="0" coveredconditionals="0" elements="0" coveredelements="0"/>
      </class>
      <line num="23" type="stmt" count="1"/>
      <line num="24" type="stmt" count="0"/>
      <line num="27" type="stmt" count="1"/>
      <line num="28" type="stmt" count="1"/>
      <line num="29" type="stmt" count="1"/>
      <line num="30" type="stmt" count="1"/>
      <line num="32" type="stmt" count="1"/>
      <line num="33" type="stmt" count="0"/>
      <line num="34" type="stmt" count="0"/>
      <line num="36" type="stmt" count="0"/>
      <line num="40" type="stmt" count="1"/>
      <line num="41" type="stmt" count="0"/>
      <line num="44" type="stmt" count="1"/>
      <line num="45" type="stmt" count="1"/>
      <line num="46" type="stmt" count="1"/>
      <line num="48" type="stmt" count="1"/>
      <line num="51" type="stmt" count="1"/>
      <line num="11" type="stmt" count="1"/>
    </file>
    <file name="/srv/App/Model/Database/Repository/DatabotRepository.php">
      <metrics loc="19" ncloc="12" classes="1" methods="0" coveredmethods="0" statements="0" coveredstatements="0" elements="0" coveredelements="0" conditionals="0" coveredconditionals="0"/>
      <class namespace="App\Model\Database\Repository" name="DatabotRepository">
        <metrics methods="0" coveredmethods="0" statements="0" coveredstatements="0" conditionals="0" coveredconditionals="0" elements="0" coveredelements="0"/>
      </class>
      <line num="20" type="stmt" count="1"/>
    </file>
    <file name="/srv/App/Model/Database/Repository/PhotosRepository.php">
      <metrics loc="111" ncloc="84" classes="1" methods="11" coveredmethods="5" statements="18" coveredstatements="7" elements="29" coveredelements="12" conditionals="0" coveredconditionals="0"/>
      <class namespace="App\Model\Database\Repository" name="PhotosRepository">
        <metrics methods="11" coveredmethods="5" statements="18" coveredstatements="7" conditionals="0" coveredconditionals="0" elements="29" coveredelements="12"/>
      </class>
      <line num="29" type="stmt" count="0"/>
      <line num="31" type="stmt" count="0"/>
      <line num="39" type="stmt" count="0"/>
      <line num="41" type="stmt" count="0"/>
      <line num="46" type="stmt" count="1"/>
      <line num="54" type="stmt" count="1"/>
      <line num="59" type="stmt" count="1"/>
      <line num="64" type="stmt" count="0"/>
      <line num="66" type="stmt" count="0"/>
      <line num="71" type="stmt" count="0"/>
      <line num="73" type="stmt" count="0"/>
      <line num="81" type="stmt" count="0"/>
      <line num="83" type="stmt" count="0"/>
      <line num="91" type="stmt" count="1"/>
      <line num="93" type="stmt" count="1"/>
      <line num="101" type="stmt" count="1"/>
      <line num="103" type="stmt" count="1"/>
      <line num="108" type="stmt" count="0"/>
      <line num="112" type="stmt" count="1"/>
      <line num="19" type="stmt" count="1"/>
    </file>
    <file name="/srv/App/Model/Database/Repository/PhotosTypeRepository.php">
      <metrics loc="17" ncloc="10" classes="1" methods="0" coveredmethods="0" statements="0" coveredstatements="0" elements="0" coveredelements="0" conditionals="0" coveredconditionals="0"/>
      <class namespace="App\Model\Database\Repository" name="PhotosTypeRepository">
        <metrics methods="0" coveredmethods="0" statements="0" coveredstatements="0" conditionals="0" coveredconditionals="0" elements="0" coveredelements="0"/>
      </class>
      <line num="18" type="stmt" count="1"/>
    </file>
    <file name="/srv/App/Model/Database/Repository/MaintenanceRepository.php">
      <metrics loc="27" ncloc="20" classes="1" methods="1" coveredmethods="0" statements="5" coveredstatements="0" elements="6" coveredelements="0" conditionals="0" coveredconditionals="0"/>
      <class namespace="App\Model\Database\Repository" name="MaintenanceRepository">
        <metrics methods="1" coveredmethods="0" statements="5" coveredstatements="0" conditionals="0" coveredconditionals="0" elements="6" coveredelements="0"/>
      </class>
      <line num="19" type="stmt" count="0"/>
      <line num="20" type="stmt" count="0"/>
      <line num="21" type="stmt" count="0"/>
      <line num="22" type="stmt" count="0"/>
      <line num="23" type="stmt" count="0"/>
      <line num="28" type="stmt" count="1"/>
    </file>
    <file name="/srv/App/Model/Database/Repository/HerbariaRepository.php">
      <metrics loc="26" ncloc="19" classes="1" methods="1" coveredmethods="1" statements="5" coveredstatements="5" elements="6" coveredelements="6" conditionals="0" coveredconditionals="0"/>
      <class namespace="App\Model\Database\Repository" name="HerbariaRepository">
        <metrics methods="1" coveredmethods="1" statements="5" coveredstatements="5" conditionals="0" coveredconditionals="0" elements="6" coveredelements="6"/>
      </class>
      <line num="19" type="stmt" count="1"/>
      <line num="20" type="stmt" count="1"/>
      <line num="21" type="stmt" count="1"/>
      <line num="22" type="stmt" count="1"/>
      <line num="23" type="stmt" count="1"/>
      <line num="27" type="stmt" count="1"/>
      <line num="14" type="stmt" count="1"/>
    </file>
    <file name="/srv/App/Model/ImportStages/ConvertStage.php">
      <metrics loc="29" ncloc="29" classes="1" methods="1" coveredmethods="0" statements="11" coveredstatements="9" elements="12" coveredelements="9" conditionals="0" coveredconditionals="0"/>
      <class namespace="App\Model\ImportStages" name="ConvertStage">
        <metrics methods="1" coveredmethods="0" statements="11" coveredstatements="9" conditionals="0" coveredconditionals="0" elements="12" coveredelements="9"/>
      </class>
      <line num="13" type="stmt" count="1"/>
      <line num="15" type="stmt" count="1"/>
      <line num="16" type="stmt" count="1"/>
      <line num="17" type="stmt" count="1"/>
      <line num="18" type="stmt" count="1"/>
      <line num="19" type="stmt" count="1"/>
      <line num="20" type="stmt" count="1"/>
      <line num="21" type="stmt" count="1"/>
      <line num="22" type="stmt" count="0"/>
      <line num="23" type="stmt" count="0"/>
      <line num="26" type="stmt" count="1"/>
      <line num="8" type="stmt" count="1"/>
      <line num="30" type="stmt" count="1"/>
    </file>
    <file name="/srv/App/Model/ImportStages/ThumbnailStage.php">
      <metrics loc="53" ncloc="47" classes="1" methods="3" coveredmethods="2" statements="19" coveredstatements="17" elements="22" coveredelements="19" conditionals="0" coveredconditionals="0"/>
      <class namespace="App\Model\ImportStages" name="ThumbnailStage">
        <metrics methods="3" coveredmethods="2" statements="19" coveredstatements="17" conditionals="0" coveredconditionals="0" elements="22" coveredelements="19"/>
      </class>
      <line num="18" type="stmt" count="1"/>
      <line num="19" type="stmt" count="1"/>
      <line num="20" type="stmt" count="1"/>
      <line num="21" type="stmt" count="1"/>
      <line num="22" type="stmt" count="1"/>
      <line num="29" type="stmt" count="1"/>
      <line num="35" type="stmt" count="1"/>
      <line num="36" type="stmt" count="1"/>
      <line num="37" type="stmt" count="1"/>
      <line num="38" type="stmt" count="1"/>
      <line num="39" type="stmt" count="1"/>
      <line num="41" type="stmt" count="1"/>
      <line num="42" type="stmt" count="1"/>
      <line num="43" type="stmt" count="1"/>
      <line num="44" type="stmt" count="1"/>
      <line num="45" type="stmt" count="1"/>
      <line num="47" type="stmt" count="1"/>
      <line num="48" type="stmt" count="0"/>
      <line num="49" type="stmt" count="0"/>
      <line num="9" type="stmt" count="1"/>
      <line num="54" type="stmt" count="1"/>
    </file>
    <file name="/srv/App/Model/ImportStages/DuplicityStage.php">
      <metrics loc="50" ncloc="50" classes="1" methods="2" coveredmethods="1" statements="19" coveredstatements="7" elements="21" coveredelements="8" conditionals="0" coveredconditionals="0"/>
      <class namespace="App\Model\ImportStages" name="DuplicityStage">
        <metrics methods="2" coveredmethods="1" statements="19" coveredstatements="7" conditionals="0" coveredconditionals="0" elements="21" coveredelements="8"/>
      </class>
      <line num="17" type="stmt" count="1"/>
      <line num="19" type="stmt" count="1"/>
      <line num="20" type="stmt" count="1"/>
      <line num="24" type="stmt" count="1"/>
      <line num="25" type="stmt" count="1"/>
      <line num="26" type="stmt" count="1"/>
      <line num="27" type="stmt" count="0"/>
      <line num="28" type="stmt" count="0"/>
      <line num="29" type="stmt" count="0"/>
      <line num="31" type="stmt" count="0"/>
      <line num="32" type="stmt" count="0"/>
      <line num="33" type="stmt" count="0"/>
      <line num="35" type="stmt" count="0"/>
      <line num="38" type="stmt" count="0"/>
      <line num="39" type="stmt" count="0"/>
      <line num="40" type="stmt" count="0"/>
      <line num="43" type="stmt" count="0"/>
      <line num="44" type="stmt" count="0"/>
      <line num="47" type="stmt" count="1"/>
      <line num="14" type="stmt" count="1"/>
      <line num="51" type="stmt" count="1"/>
    </file>
    <file name="/srv/App/Model/ImportStages/BaseStage.php">
      <metrics loc="54" ncloc="54" classes="1" methods="6" coveredmethods="6" statements="6" coveredstatements="6" elements="12" coveredelements="12" conditionals="0" coveredconditionals="0"/>
      <class namespace="App\Model\ImportStages" name="BaseStage">
        <metrics methods="6" coveredmethods="6" statements="6" coveredstatements="6" conditionals="0" coveredconditionals="0" elements="12" coveredelements="12"/>
      </class>
      <line num="21" type="stmt" count="1"/>
      <line num="23" type="stmt" count="1"/>
      <line num="27" type="stmt" count="1"/>
      <line num="32" type="stmt" count="1"/>
      <line num="37" type="stmt" count="1"/>
      <line num="42" type="stmt" count="1"/>
      <line num="47" type="stmt" count="1"/>
      <line num="52" type="stmt" count="1"/>
      <line num="11" type="stmt" count="1"/>
      <line num="55" type="stmt" count="1"/>
    </file>
    <file name="/srv/App/Model/ImportStages/CleanCuratorBucketStage.php">
      <metrics loc="37" ncloc="37" classes="1" methods="3" coveredmethods="2" statements="10" coveredstatements="8" elements="13" coveredelements="10" conditionals="0" coveredconditionals="0"/>
      <class namespace="App\Model\ImportStages" name="CleanCuratorBucketStage">
        <metrics methods="3" coveredmethods="2" statements="10" coveredstatements="8" conditionals="0" coveredconditionals="0" elements="13" coveredelements="10"/>
      </class>
      <line num="16" type="stmt" count="1"/>
      <line num="18" type="stmt" count="1"/>
      <line num="19" type="stmt" count="1"/>
      <line num="23" type="stmt" count="1"/>
      <line num="24" type="stmt" count="1"/>
      <line num="26" type="stmt" count="1"/>
      <line num="32" type="stmt" count="1"/>
      <line num="33" type="stmt" count="0"/>
      <line num="34" type="stmt" count="0"/>
      <line num="36" type="stmt" count="1"/>
      <line num="13" type="stmt" count="1"/>
      <line num="38" type="stmt" count="1"/>
    </file>
    <file name="/srv/App/Model/ImportStages/BarcodeStage.php">
      <metrics loc="124" ncloc="112" classes="1" methods="5" coveredmethods="3" statements="57" coveredstatements="54" elements="62" coveredelements="57" conditionals="0" coveredconditionals="0"/>
      <class namespace="App\Model\ImportStages" name="BarcodeStage">
        <metrics methods="5" coveredmethods="3" statements="57" coveredstatements="54" conditionals="0" coveredconditionals="0" elements="62" coveredelements="57"/>
      </class>
      <line num="19" type="stmt" count="1"/>
      <line num="23" type="stmt" count="1"/>
      <line num="24" type="stmt" count="1"/>
      <line num="25" type="stmt" count="1"/>
      <line num="26" type="stmt" count="1"/>
      <line num="27" type="stmt" count="1"/>
      <line num="28" type="stmt" count="1"/>
      <line num="30" type="stmt" count="1"/>
      <line num="34" type="stmt" count="1"/>
      <line num="35" type="stmt" count="1"/>
      <line num="36" type="stmt" count="1"/>
      <line num="37" type="stmt" count="0"/>
      <line num="38" type="stmt" count="0"/>
      <line num="40" type="stmt" count="1"/>
      <line num="41" type="stmt" count="1"/>
      <line num="42" type="stmt" count="1"/>
      <line num="49" type="stmt" count="1"/>
      <line num="50" type="stmt" count="1"/>
      <line num="52" type="stmt" count="1"/>
      <line num="53" type="stmt" count="1"/>
      <line num="54" type="stmt" count="1"/>
      <line num="55" type="stmt" count="1"/>
      <line num="56" type="stmt" count="1"/>
      <line num="65" type="stmt" count="1"/>
      <line num="66" type="stmt" count="1"/>
      <line num="67" type="stmt" count="1"/>
      <line num="70" type="stmt" count="1"/>
      <line num="71" type="stmt" count="1"/>
      <line num="72" type="stmt" count="0"/>
      <line num="73" type="stmt" count="1"/>
      <line num="77" type="stmt" count="1"/>
      <line num="78" type="stmt" count="1"/>
      <line num="82" type="stmt" count="1"/>
      <line num="83" type="stmt" count="1"/>
      <line num="86" type="stmt" count="1"/>
      <line num="87" type="stmt" count="1"/>
      <line num="88" type="stmt" count="1"/>
      <line num="91" type="stmt" count="1"/>
      <line num="92" type="stmt" count="1"/>
      <line num="96" type="stmt" count="1"/>
      <line num="97" type="stmt" count="1"/>
      <line num="98" type="stmt" count="1"/>
      <line num="99" type="stmt" count="1"/>
      <line num="100" type="stmt" count="1"/>
      <line num="101" type="stmt" count="1"/>
      <line num="106" type="stmt" count="1"/>
      <line num="107" type="stmt" count="1"/>
      <line num="108" type="stmt" count="1"/>
      <line num="110" type="stmt" count="1"/>
      <line num="111" type="stmt" count="1"/>
      <line num="112" type="stmt" count="1"/>
      <line num="115" type="stmt" count="1"/>
      <line num="116" type="stmt" count="1"/>
      <line num="117" type="stmt" count="1"/>
      <line num="119" type="stmt" count="1"/>
      <line num="120" type="stmt" count="1"/>
      <line num="122" type="stmt" count="1"/>
      <line num="11" type="stmt" count="1"/>
      <line num="125" type="stmt" count="1"/>
    </file>
    <file name="/srv/App/Model/ImportStages/MetadataStage.php">
      <metrics loc="38" ncloc="38" classes="1" methods="2" coveredmethods="1" statements="13" coveredstatements="11" elements="15" coveredelements="12" conditionals="0" coveredconditionals="0"/>
      <class namespace="App\Model\ImportStages" name="MetadataStage">
        <metrics methods="2" coveredmethods="1" statements="13" coveredstatements="11" conditionals="0" coveredconditionals="0" elements="15" coveredelements="12"/>
      </class>
      <line num="15" type="stmt" count="1"/>
      <line num="16" type="stmt" count="1"/>
      <line num="18" type="stmt" count="1"/>
      <line num="23" type="stmt" count="1"/>
      <line num="25" type="stmt" count="1"/>
      <line num="26" type="stmt" count="1"/>
      <line num="27" type="stmt" count="1"/>
      <line num="28" type="stmt" count="1"/>
      <line num="29" type="stmt" count="1"/>
      <line num="30" type="stmt" count="1"/>
      <line num="32" type="stmt" count="1"/>
      <line num="33" type="stmt" count="0"/>
      <line num="34" type="stmt" count="0"/>
      <line num="10" type="stmt" count="1"/>
      <line num="39" type="stmt" count="1"/>
    </file>
    <file name="/srv/App/Model/ImportStages/Exceptions/ThumbnailStageException.php">
      <metrics loc="8" ncloc="8" classes="1" methods="0" coveredmethods="0" statements="0" coveredstatements="0" elements="0" coveredelements="0" conditionals="0" coveredconditionals="0"/>
      <class namespace="App\Model\ImportStages\Exceptions" name="ThumbnailStageException">
        <metrics methods="0" coveredmethods="0" statements="0" coveredstatements="0" conditionals="0" coveredconditionals="0" elements="0" coveredelements="0"/>
      </class>
      <line num="5" type="stmt" count="1"/>
      <line num="9" type="stmt" count="1"/>
    </file>
    <file name="/srv/App/Model/ImportStages/Exceptions/BarcodeStageException.php">
      <metrics loc="8" ncloc="8" classes="1" methods="0" coveredmethods="0" statements="0" coveredstatements="0" elements="0" coveredelements="0" conditionals="0" coveredconditionals="0"/>
      <class namespace="App\Model\ImportStages\Exceptions" name="BarcodeStageException">
        <metrics methods="0" coveredmethods="0" statements="0" coveredstatements="0" conditionals="0" coveredconditionals="0" elements="0" coveredelements="0"/>
      </class>
      <line num="9" type="stmt" count="1"/>
      <line num="5" type="stmt" count="1"/>
    </file>
    <file name="/srv/App/Model/ImportStages/Exceptions/TransferStageException.php">
      <metrics loc="8" ncloc="8" classes="1" methods="0" coveredmethods="0" statements="0" coveredstatements="0" elements="0" coveredelements="0" conditionals="0" coveredconditionals="0"/>
      <class namespace="App\Model\ImportStages\Exceptions" name="TransferStageException">
        <metrics methods="0" coveredmethods="0" statements="0" coveredstatements="0" conditionals="0" coveredconditionals="0" elements="0" coveredelements="0"/>
      </class>
      <line num="9" type="stmt" count="1"/>
    </file>
    <file name="/srv/App/Model/ImportStages/Exceptions/DuplicityStageException.php">
      <metrics loc="8" ncloc="8" classes="1" methods="0" coveredmethods="0" statements="0" coveredstatements="0" elements="0" coveredelements="0" conditionals="0" coveredconditionals="0"/>
      <class namespace="App\Model\ImportStages\Exceptions" name="DuplicityStageException">
        <metrics methods="0" coveredmethods="0" statements="0" coveredstatements="0" conditionals="0" coveredconditionals="0" elements="0" coveredelements="0"/>
      </class>
      <line num="9" type="stmt" count="1"/>
    </file>
    <file name="/srv/App/Model/ImportStages/Exceptions/CleanupStageException.php">
      <metrics loc="8" ncloc="8" classes="1" methods="0" coveredmethods="0" statements="0" coveredstatements="0" elements="0" coveredelements="0" conditionals="0" coveredconditionals="0"/>
      <class namespace="App\Model\ImportStages\Exceptions" name="CleanupStageException">
        <metrics methods="0" coveredmethods="0" statements="0" coveredstatements="0" conditionals="0" coveredconditionals="0" elements="0" coveredelements="0"/>
      </class>
      <line num="9" type="stmt" count="1"/>
    </file>
    <file name="/srv/App/Model/ImportStages/Exceptions/ConvertStageException.php">
      <metrics loc="8" ncloc="8" classes="1" methods="0" coveredmethods="0" statements="0" coveredstatements="0" elements="0" coveredelements="0" conditionals="0" coveredconditionals="0"/>
      <class namespace="App\Model\ImportStages\Exceptions" name="ConvertStageException">
        <metrics methods="0" coveredmethods="0" statements="0" coveredstatements="0" conditionals="0" coveredconditionals="0" elements="0" coveredelements="0"/>
      </class>
      <line num="9" type="stmt" count="1"/>
    </file>
    <file name="/srv/App/Model/ImportStages/Exceptions/DownloadStageException.php">
      <metrics loc="8" ncloc="8" classes="1" methods="0" coveredmethods="0" statements="0" coveredstatements="0" elements="0" coveredelements="0" conditionals="0" coveredconditionals="0"/>
      <class namespace="App\Model\ImportStages\Exceptions" name="DownloadStageException">
        <metrics methods="0" coveredmethods="0" statements="0" coveredstatements="0" conditionals="0" coveredconditionals="0" elements="0" coveredelements="0"/>
      </class>
      <line num="9" type="stmt" count="1"/>
    </file>
    <file name="/srv/App/Model/ImportStages/Exceptions/MetadataStageException.php">
      <metrics loc="8" ncloc="8" classes="1" methods="0" coveredmethods="0" statements="0" coveredstatements="0" elements="0" coveredelements="0" conditionals="0" coveredconditionals="0"/>
      <class namespace="App\Model\ImportStages\Exceptions" name="MetadataStageException">
        <metrics methods="0" coveredmethods="0" statements="0" coveredstatements="0" conditionals="0" coveredconditionals="0" elements="0" coveredelements="0"/>
      </class>
      <line num="9" type="stmt" count="1"/>
    </file>
    <file name="/srv/App/Model/ImportStages/Exceptions/ImportStageException.php">
      <metrics loc="10" ncloc="10" classes="1" methods="0" coveredmethods="0" statements="0" coveredstatements="0" elements="0" coveredelements="0" conditionals="0" coveredconditionals="0"/>
      <class namespace="App\Model\ImportStages\Exceptions" name="ImportStageException">
        <metrics methods="0" coveredmethods="0" statements="0" coveredstatements="0" conditionals="0" coveredconditionals="0" elements="0" coveredelements="0"/>
      </class>
      <line num="7" type="stmt" count="1"/>
      <line num="11" type="stmt" count="1"/>
    </file>
    <file name="/srv/App/Model/ImportStages/TransferStage.php">
      <metrics loc="70" ncloc="70" classes="1" methods="5" coveredmethods="2" statements="32" coveredstatements="26" elements="37" coveredelements="28" conditionals="0" coveredconditionals="0"/>
      <class namespace="App\Model\ImportStages" name="TransferStage">
        <metrics methods="5" coveredmethods="2" statements="32" coveredstatements="26" conditionals="0" coveredconditionals="0" elements="37" coveredelements="28"/>
      </class>
      <line num="16" type="stmt" count="1"/>
      <line num="18" type="stmt" count="1"/>
      <line num="19" type="stmt" count="1"/>
      <line num="23" type="stmt" count="1"/>
      <line num="24" type="stmt" count="1"/>
      <line num="25" type="stmt" count="1"/>
      <line num="26" type="stmt" count="1"/>
      <line num="28" type="stmt" count="1"/>
      <line num="34" type="stmt" count="1"/>
      <line num="35" type="stmt" count="1"/>
      <line num="36" type="stmt" count="1"/>
      <line num="37" type="stmt" count="1"/>
      <line num="38" type="stmt" count="1"/>
      <line num="39" type="stmt" count="0"/>
      <line num="40" type="stmt" count="0"/>
      <line num="42" type="stmt" count="1"/>
      <line num="47" type="stmt" count="1"/>
      <line num="48" type="stmt" count="1"/>
      <line num="49" type="stmt" count="1"/>
      <line num="50" type="stmt" count="1"/>
      <line num="51" type="stmt" count="1"/>
      <line num="52" type="stmt" count="0"/>
      <line num="53" type="stmt" count="0"/>
      <line num="55" type="stmt" count="1"/>
      <line num="60" type="stmt" count="1"/>
      <line num="61" type="stmt" count="1"/>
      <line num="62" type="stmt" count="1"/>
      <line num="63" type="stmt" count="1"/>
      <line num="64" type="stmt" count="1"/>
      <line num="65" type="stmt" count="0"/>
      <line num="66" type="stmt" count="0"/>
      <line num="68" type="stmt" count="1"/>
      <line num="13" type="stmt" count="1"/>
      <line num="71" type="stmt" count="1"/>
    </file>
    <file name="/srv/App/Model/ImportStages/StageFactory.php">
      <metrics loc="67" ncloc="67" classes="1" methods="10" coveredmethods="10" statements="11" coveredstatements="11" elements="21" coveredelements="21" conditionals="0" coveredconditionals="0"/>
      <class namespace="App\Model\ImportStages" name="StageFactory">
        <metrics methods="10" coveredmethods="10" statements="11" coveredstatements="11" conditionals="0" coveredconditionals="0" elements="21" coveredelements="21"/>
      </class>
      <line num="18" type="stmt" count="1"/>
      <line num="20" type="stmt" count="1"/>
      <line num="24" type="stmt" count="1"/>
      <line num="29" type="stmt" count="1"/>
      <line num="34" type="stmt" count="1"/>
      <line num="39" type="stmt" count="1"/>
      <line num="44" type="stmt" count="1"/>
      <line num="49" type="stmt" count="1"/>
      <line num="54" type="stmt" count="1"/>
      <line num="59" type="stmt" count="1"/>
      <line num="64" type="stmt" count="1"/>
      <line num="68" type="stmt" count="1"/>
    </file>
    <file name="/srv/App/Model/ImportStages/CleanupTempFilesStage.php">
      <metrics loc="31" ncloc="31" classes="1" methods="2" coveredmethods="2" statements="8" coveredstatements="8" elements="10" coveredelements="10" conditionals="0" coveredconditionals="0"/>
      <class namespace="App\Model\ImportStages" name="CleanupTempFilesStage">
        <metrics methods="2" coveredmethods="2" statements="8" coveredstatements="8" conditionals="0" coveredconditionals="0" elements="10" coveredelements="10"/>
      </class>
      <line num="15" type="stmt" count="1"/>
      <line num="16" type="stmt" count="1"/>
      <line num="20" type="stmt" count="1"/>
      <line num="21" type="stmt" count="1"/>
      <line num="23" type="stmt" count="1"/>
      <line num="24" type="stmt" count="1"/>
      <line num="25" type="stmt" count="1"/>
      <line num="28" type="stmt" count="1"/>
      <line num="10" type="stmt" count="1"/>
      <line num="32" type="stmt" count="1"/>
    </file>
    <file name="/srv/App/Model/ImportStages/DownloadStage.php">
      <metrics loc="35" ncloc="35" classes="1" methods="2" coveredmethods="1" statements="9" coveredstatements="7" elements="11" coveredelements="8" conditionals="0" coveredconditionals="0"/>
      <class namespace="App\Model\ImportStages" name="DownloadStage">
        <metrics methods="2" coveredmethods="1" statements="9" coveredstatements="7" conditionals="0" coveredconditionals="0" elements="11" coveredelements="8"/>
      </class>
      <line num="15" type="stmt" count="1"/>
      <line num="17" type="stmt" count="1"/>
      <line num="18" type="stmt" count="1"/>
      <line num="22" type="stmt" count="1"/>
      <line num="25" type="stmt" count="1"/>
      <line num="26" type="stmt" count="1"/>
      <line num="28" type="stmt" count="0"/>
      <line num="29" type="stmt" count="0"/>
      <line num="32" type="stmt" count="1"/>
      <line num="12" type="stmt" count="1"/>
      <line num="36" type="stmt" count="1"/>
    </file>
    <file name="/srv/App/Model/FileManagement/FileInsideCuratorBucket.php">
      <metrics loc="70" ncloc="70" classes="1" methods="10" coveredmethods="10" statements="13" coveredstatements="13" elements="23" coveredelements="23" conditionals="0" coveredconditionals="0"/>
      <class namespace="App\Model\FileManagement" name="FileInsideCuratorBucket">
        <metrics methods="10" coveredmethods="10" statements="13" coveredstatements="13" conditionals="0" coveredconditionals="0" elements="23" coveredelements="23"/>
      </class>
      <line num="18" type="stmt" count="1"/>
      <line num="20" type="stmt" count="1"/>
      <line num="21" type="stmt" count="1"/>
      <line num="25" type="stmt" count="1"/>
      <line num="30" type="stmt" count="1"/>
      <line num="35" type="stmt" count="1"/>
      <line num="40" type="stmt" count="1"/>
      <line num="45" type="stmt" count="1"/>
      <line num="50" type="stmt" count="1"/>
      <line num="55" type="stmt" count="1"/>
      <line num="60" type="stmt" count="1"/>
      <line num="65" type="stmt" count="1"/>
      <line num="67" type="stmt" count="1"/>
      <line num="71" type="stmt" count="1"/>
    </file>
    <file name="/srv/App/Model/FileManagement/File.php">
      <metrics loc="69" ncloc="66" classes="1" methods="9" coveredmethods="9" statements="16" coveredstatements="16" elements="25" coveredelements="25" conditionals="0" coveredconditionals="0"/>
      <class namespace="App\Model\FileManagement" name="File">
        <metrics methods="9" coveredmethods="9" statements="16" coveredstatements="16" conditionals="0" coveredconditionals="0" elements="25" coveredelements="25"/>
      </class>
      <line num="13" type="stmt" count="1"/>
      <line num="15" type="stmt" count="1"/>
      <line num="19" type="stmt" count="1"/>
      <line num="24" type="stmt" count="1"/>
      <line num="26" type="stmt" count="1"/>
      <line num="27" type="stmt" count="1"/>
      <line num="30" type="stmt" count="1"/>
      <line num="35" type="stmt" count="1"/>
[...]
      <line num="127" type="stmt" count="1"/>
      <line num="128" type="stmt" count="1"/>
      <line num="129" type="stmt" count="1"/>
      <line num="130" type="stmt" count="1"/>
      <line num="132" type="stmt" count="1"/>
      <line num="133" type="stmt" count="1"/>
      <line num="135" type="stmt" count="1"/>
      <line num="137" type="stmt" count="1"/>
      <line num="139" type="stmt" count="1"/>
      <line num="140" type="stmt" count="1"/>
      <line num="144" type="stmt" count="1"/>
      <line num="146" type="stmt" count="1"/>
      <line num="147" type="stmt" count="1"/>
      <line num="149" type="stmt" count="1"/>
      <line num="150" type="stmt" count="1"/>
      <line num="151" type="stmt" count="1"/>
      <line num="154" type="stmt" count="1"/>
      <line num="155" type="stmt" count="0"/>
      <line num="156" type="stmt" count="0"/>
      <line num="157" type="stmt" count="0"/>
      <line num="160" type="stmt" count="0"/>
      <line num="163" type="stmt" count="1"/>
      <line num="164" type="stmt" count="1"/>
      <line num="165" type="stmt" count="1"/>
      <line num="169" type="stmt" count="1"/>
      <line num="170" type="stmt" count="1"/>
      <line num="171" type="stmt" count="1"/>
      <line num="173" type="stmt" count="1"/>
      <line num="174" type="stmt" count="1"/>
      <line num="179" type="stmt" count="1"/>
      <line num="180" type="stmt" count="1"/>
      <line num="182" type="stmt" count="1"/>
      <line num="183" type="stmt" count="1"/>
      <line num="184" type="stmt" count="1"/>
      <line num="187" type="stmt" count="1"/>
      <line num="191" type="stmt" count="1"/>
      <line num="192" type="stmt" count="1"/>
      <line num="196" type="stmt" count="1"/>
      <line num="198" type="stmt" count="1"/>
      <line num="203" type="stmt" count="1"/>
      <line num="204" type="stmt" count="1"/>
      <line num="207" type="stmt" count="1"/>
      <line num="208" type="stmt" count="1"/>
      <line num="209" type="stmt" count="1"/>
      <line num="212" type="stmt" count="0"/>
      <line num="213" type="stmt" count="0"/>
      <line num="214" type="stmt" count="0"/>
      <line num="217" type="stmt" count="0"/>
      <line num="221" type="stmt" count="1"/>
    </file>
    <file name="/srv/App/Services/AppConfiguration.php">
      <metrics loc="48" ncloc="45" classes="1" methods="5" coveredmethods="5" statements="11" coveredstatements="11" elements="16" coveredelements="16" conditionals="0" coveredconditionals="0"/>
      <class namespace="App\Services" name="AppConfiguration">
        <metrics methods="5" coveredmethods="5" statements="11" coveredstatements="11" conditionals="0" coveredconditionals="0" elements="16" coveredelements="16"/>
      </class>
      <line num="15" type="stmt" count="1"/>
      <line num="17" type="stmt" count="1"/>
      <line num="21" type="stmt" count="1"/>
      <line num="26" type="stmt" count="1"/>
      <line num="27" type="stmt" count="1"/>
      <line num="30" type="stmt" count="1"/>
      <line num="35" type="stmt" count="1"/>
      <line num="36" type="stmt" count="1"/>
      <line num="39" type="stmt" count="1"/>
      <line num="44" type="stmt" count="1"/>
      <line num="45" type="stmt" count="1"/>
      <line num="49" type="stmt" count="1"/>
    </file>
    <file name="/srv/App/Services/EntityServices/HerbariumService.php">
      <metrics loc="38" ncloc="38" classes="1" methods="4" coveredmethods="2" statements="10" coveredstatements="2" elements="14" coveredelements="4" conditionals="0" coveredconditionals="0"/>
      <class namespace="App\Services\EntityServices" name="HerbariumService">
        <metrics methods="4" coveredmethods="2" statements="10" coveredstatements="2" conditionals="0" coveredconditionals="0" elements="14" coveredelements="4"/>
      </class>
      <line num="15" type="stmt" count="1"/>
      <line num="20" type="stmt" count="1"/>
      <line num="25" type="stmt" count="0"/>
      <line num="26" type="stmt" count="0"/>
      <line num="27" type="stmt" count="0"/>
      <line num="28" type="stmt" count="0"/>
      <line num="33" type="stmt" count="0"/>
      <line num="34" type="stmt" count="0"/>
      <line num="35" type="stmt" count="0"/>
      <line num="36" type="stmt" count="0"/>
      <line num="8" type="stmt" count="1"/>
      <line num="39" type="stmt" count="1"/>
    </file>
    <file name="/srv/App/Services/EntityServices/PhotoService.php">
      <metrics loc="120" ncloc="100" classes="1" methods="13" coveredmethods="13" statements="27" coveredstatements="27" elements="40" coveredelements="40" conditionals="0" coveredconditionals="0"/>
      <class namespace="App\Services\EntityServices" name="PhotoService">
        <metrics methods="13" coveredmethods="13" statements="27" coveredstatements="27" conditionals="0" coveredconditionals="0" elements="40" coveredelements="40"/>
      </class>
      <line num="18" type="stmt" count="1"/>
      <line num="26" type="stmt" count="1"/>
      <line num="31" type="stmt" count="1"/>
      <line num="39" type="stmt" count="1"/>
      <line num="44" type="stmt" count="1"/>
      <line num="49" type="stmt" count="1"/>
      <line num="50" type="stmt" count="1"/>
      <line num="51" type="stmt" count="1"/>
      <line num="52" type="stmt" count="1"/>
      <line num="55" type="stmt" count="1"/>
      <line num="60" type="stmt" count="1"/>
      <line num="65" type="stmt" count="1"/>
      <line num="70" type="stmt" count="1"/>
      <line num="78" type="stmt" count="1"/>
      <line num="86" type="stmt" count="1"/>
      <line num="87" type="stmt" count="1"/>
      <line num="88" type="stmt" count="1"/>
      <line num="91" type="stmt" count="1"/>
      <line num="99" type="stmt" count="1"/>
      <line num="109" type="stmt" count="1"/>
      <line num="110" type="stmt" count="1"/>
      <line num="111" type="stmt" count="1"/>
      <line num="112" type="stmt" count="1"/>
      <line num="113" type="stmt" count="1"/>
      <line num="114" type="stmt" count="1"/>
      <line num="115" type="stmt" count="1"/>
      <line num="117" type="stmt" count="1"/>
      <line num="121" type="stmt" count="1"/>
      <line num="11" type="stmt" count="1"/>
    </file>
    <file name="/srv/App/Services/EntityServices/MaintenanceService.php">
      <metrics loc="18" ncloc="18" classes="1" methods="1" coveredmethods="1" statements="1" coveredstatements="1" elements="2" coveredelements="2" conditionals="0" coveredconditionals="0"/>
      <class namespace="App\Services\EntityServices" name="MaintenanceService">
        <metrics methods="1" coveredmethods="1" statements="1" coveredstatements="1" conditionals="0" coveredconditionals="0" elements="2" coveredelements="2"/>
      </class>
      <line num="14" type="stmt" count="1"/>
      <line num="19" type="stmt" count="1"/>
      <line num="7" type="stmt" count="1"/>
    </file>
    <file name="/srv/App/Services/EntityServices/BaseEntityService.php">
      <metrics loc="44" ncloc="37" classes="1" methods="3" coveredmethods="3" statements="3" coveredstatements="3" elements="6" coveredelements="6" conditionals="0" coveredconditionals="0"/>
      <class namespace="App\Services\EntityServices" name="BaseEntityService">
        <metrics methods="3" coveredmethods="3" statements="3" coveredstatements="3" conditionals="0" coveredconditionals="0" elements="6" coveredelements="6"/>
      </class>
      <line num="17" type="stmt" count="1"/>
      <line num="19" type="stmt" count="1"/>
      <line num="20" type="stmt" count="1"/>
      <line num="27" type="stmt" count="1"/>
      <line num="36" type="stmt" count="1"/>
      <line num="41" type="stmt" count="1"/>
      <line num="45" type="stmt" count="1"/>
    </file>
    <file name="/srv/App/Services/RepositoryConfiguration.php">
      <metrics loc="101" ncloc="98" classes="1" methods="16" coveredmethods="16" statements="20" coveredstatements="20" elements="36" coveredelements="36" conditionals="0" coveredconditionals="0"/>
      <class namespace="App\Services" name="RepositoryConfiguration">
        <metrics methods="16" coveredmethods="16" statements="20" coveredstatements="20" conditionals="0" coveredconditionals="0" elements="36" coveredelements="36"/>
      </class>
      <line num="22" type="stmt" count="1"/>
      <line num="27" type="stmt" count="1"/>
      <line num="28" type="stmt" count="1"/>
      <line num="30" type="stmt" count="1"/>
      <line num="33" type="stmt" count="1"/>
      <line num="38" type="stmt" count="1"/>
      <line num="43" type="stmt" count="1"/>
      <line num="48" type="stmt" count="1"/>
      <line num="53" type="stmt" count="1"/>
      <line num="58" type="stmt" count="1"/>
      <line num="63" type="stmt" count="1"/>
      <line num="68" type="stmt" count="1"/>
      <line num="73" type="stmt" count="1"/>
      <line num="78" type="stmt" count="1"/>
      <line num="83" type="stmt" count="1"/>
      <line num="88" type="stmt" count="1"/>
      <line num="93" type="stmt" count="1"/>
      <line num="98" type="stmt" count="1"/>
      <line num="16" type="stmt" count="1"/>
      <line num="18" type="stmt" count="1"/>
      <line num="102" type="stmt" count="1"/>
    </file>
    <file name="/srv/App/Services/WebDir.php">
      <metrics loc="17" ncloc="17" classes="1" methods="2" coveredmethods="2" statements="3" coveredstatements="3" elements="5" coveredelements="5" conditionals="0" coveredconditionals="0"/>
      <class namespace="App\Services" name="WebDir">
        <metrics methods="2" coveredmethods="2" statements="3" coveredstatements="3" conditionals="0" coveredconditionals="0" elements="5" coveredelements="5"/>
      </class>
      <line num="8" type="stmt" count="1"/>
      <line num="10" type="stmt" count="1"/>
      <line num="14" type="stmt" count="1"/>
      <line num="18" type="stmt" count="1"/>
    </file>
    <file name="/srv/App/Services/SpecimenIdService.php">
      <metrics loc="51" ncloc="48" classes="1" methods="4" coveredmethods="4" statements="12" coveredstatements="12" elements="16" coveredelements="16" conditionals="0" coveredconditionals="0"/>
      <class namespace="App\Services" name="SpecimenIdService">
        <metrics methods="4" coveredmethods="4" statements="12" coveredstatements="12" conditionals="0" coveredconditionals="0" elements="16" coveredelements="16"/>
      </class>
      <line num="18" type="stmt" count="1"/>
      <line num="20" type="stmt" count="1"/>
      <line num="24" type="stmt" count="1"/>
      <line num="25" type="stmt" count="1"/>
      <line num="26" type="stmt" count="1"/>
      <line num="27" type="stmt" count="1"/>
      <line num="30" type="stmt" count="1"/>
      <line num="35" type="stmt" count="1"/>
      <line num="43" type="stmt" count="1"/>
      <line num="44" type="stmt" count="1"/>
      <line num="45" type="stmt" count="1"/>
      <line num="47" type="stmt" count="1"/>
      <line num="52" type="stmt" count="1"/>
    </file>
    <file name="/srv/App/Facades/CuratorFacade.php">
      <metrics loc="264" ncloc="232" classes="1" methods="15" coveredmethods="7" statements="118" coveredstatements="89" elements="133" coveredelements="96" conditionals="0" coveredconditionals="0"/>
      <class namespace="App\Facades" name="CuratorFacade">
        <metrics methods="15" coveredmethods="7" statements="118" coveredstatements="89" conditionals="0" coveredconditionals="0" elements="133" coveredelements="96"/>
      </class>
      <line num="25" type="stmt" count="1"/>
      <line num="27" type="stmt" count="1"/>
      <line num="34" type="stmt" count="0"/>
      <line num="42" type="stmt" count="0"/>
      <line num="52" type="stmt" count="1"/>
      <line num="53" type="stmt" count="1"/>
      <line num="55" type="stmt" count="1"/>
      <line num="56" type="stmt" count="1"/>
      <line num="57" type="stmt" count="1"/>
      <line num="58" type="stmt" count="1"/>
      <line num="59" type="stmt" count="1"/>
      <line num="60" type="stmt" count="1"/>
      <line num="61" type="stmt" count="1"/>
      <line num="62" type="stmt" count="1"/>
      <line num="65" type="stmt" count="1"/>
      <line num="67" type="stmt" count="1"/>
      <line num="75" type="stmt" count="1"/>
      <line num="83" type="stmt" count="1"/>
      <line num="84" type="stmt" count="1"/>
      <line num="85" type="stmt" count="1"/>
      <line num="86" type="stmt" count="1"/>
      <line num="87" type="stmt" count="1"/>
      <line num="89" type="stmt" count="0"/>
      <line num="90" type="stmt" count="0"/>
      <line num="91" type="stmt" count="0"/>
      <line num="92" type="stmt" count="0"/>
      <line num="95" type="stmt" count="1"/>
      <line num="98" type="stmt" count="1"/>
      <line num="103" type="stmt" count="1"/>
      <line num="104" type="stmt" count="1"/>
      <line num="105" type="stmt" count="1"/>
      <line num="106" type="stmt" count="1"/>
      <line num="107" type="stmt" count="1"/>
      <line num="108" type="stmt" count="1"/>
      <line num="109" type="stmt" count="1"/>
      <line num="110" type="stmt" count="1"/>
      <line num="115" type="stmt" count="1"/>
      <line num="116" type="stmt" count="1"/>
      <line num="117" type="stmt" count="1"/>
      <line num="118" type="stmt" count="1"/>
      <line num="123" type="stmt" count="1"/>
      <line num="124" type="stmt" count="1"/>
      <line num="125" type="stmt" count="1"/>
      <line num="133" type="stmt" count="1"/>
      <line num="134" type="stmt" count="1"/>
      <line num="136" type="stmt" count="1"/>
      <line num="137" type="stmt" count="1"/>
      <line num="138" type="stmt" count="1"/>
      <line num="139" type="stmt" count="1"/>
      <line num="140" type="stmt" count="1"/>
      <line num="141" type="stmt" count="1"/>
      <line num="142" type="stmt" count="1"/>
      <line num="143" type="stmt" count="1"/>
      <line num="144" type="stmt" count="1"/>
      <line num="145" type="stmt" count="1"/>
      <line num="146" type="stmt" count="1"/>
      <line num="147" type="stmt" count="1"/>
      <line num="148" type="stmt" count="1"/>
      <line num="149" type="stmt" count="1"/>
      <line num="150" type="stmt" count="1"/>
      <line num="151" type="stmt" count="1"/>
      <line num="153" type="stmt" count="1"/>
      <line num="154" type="stmt" count="1"/>
      <line num="156" type="stmt" count="1"/>
      <line num="158" type="stmt" count="1"/>
      <line num="160" type="stmt" count="1"/>
      <line num="168" type="stmt" count="0"/>
      <line num="169" type="stmt" count="0"/>
      <line num="170" type="stmt" count="0"/>
      <line num="171" type="stmt" count="0"/>
      <line num="172" type="stmt" count="0"/>
      <line num="176" type="stmt" count="0"/>
      <line num="185" type="stmt" count="1"/>
      <line num="186" type="stmt" count="0"/>
      <line num="190" type="stmt" count="1"/>
      <line num="192" type="stmt" count="1"/>
      <line num="193" type="stmt" count="1"/>
      <line num="194" type="stmt" count="1"/>
      <line num="195" type="stmt" count="1"/>
      <line num="196" type="stmt" count="1"/>
      <line num="197" type="stmt" count="1"/>
      <line num="198" type="stmt" count="1"/>
      <line num="199" type="stmt" count="1"/>
      <line num="200" type="stmt" count="1"/>
      <line num="202" type="stmt" count="1"/>
      <line num="203" type="stmt" count="1"/>
      <line num="204" type="stmt" count="1"/>
      <line num="205" type="stmt" count="1"/>
      <line num="206" type="stmt" count="1"/>
      <line num="211" type="stmt" count="0"/>
      <line num="212" type="stmt" count="0"/>
      <line num="213" type="stmt" count="0"/>
      <line num="214" type="stmt" count="0"/>
      <line num="215" type="stmt" count="0"/>
      <line num="216" type="stmt" count="0"/>
      <line num="217" type="stmt" count="0"/>
      <line num="218" type="stmt" count="0"/>
      <line num="221" type="stmt" count="1"/>
      <line num="222" type="stmt" count="1"/>
      <line num="223" type="stmt" count="1"/>
      <line num="224" type="stmt" count="0"/>
      <line num="225" type="stmt" count="0"/>
      <line num="227" type="stmt" count="0"/>
      <line num="230" type="stmt" count="1"/>
      <line num="235" type="stmt" count="0"/>
      <line num="236" type="stmt" count="0"/>
      <line num="241" type="stmt" count="1"/>
      <line num="242" type="stmt" count="1"/>
      <line num="243" type="stmt" count="1"/>
      <line num="244" type="stmt" count="1"/>
      <line num="246" type="stmt" count="1"/>
      <line num="247" type="stmt" count="1"/>
      <line num="248" type="stmt" count="1"/>
      <line num="249" type="stmt" count="1"/>
      <line num="250" type="stmt" count="1"/>
      <line num="254" type="stmt" count="0"/>
      <line num="259" type="stmt" count="0"/>
      <line num="261" type="stmt" count="0"/>
      <line num="265" type="stmt" count="1"/>
    </file>
    <file name="/srv/App/Controls/Image/DetailControl.php">
      <metrics loc="56" ncloc="56" classes="1" methods="4" coveredmethods="0" statements="18" coveredstatements="0" elements="22" coveredelements="0" conditionals="0" coveredconditionals="0"/>
      <class namespace="App\Controls\Image" name="DetailControl">
        <metrics methods="4" coveredmethods="0" statements="18" coveredstatements="0" conditionals="0" coveredconditionals="0" elements="22" coveredelements="0"/>
      </class>
      <line num="17" type="stmt" count="0"/>
      <line num="19" type="stmt" count="0"/>
      <line num="20" type="stmt" count="0"/>
      <line num="24" type="stmt" count="0"/>
      <line num="29" type="stmt" count="0"/>
      <line num="30" type="stmt" count="0"/>
      <line num="31" type="stmt" count="0"/>
      <line num="32" type="stmt" count="0"/>
      <line num="34" type="stmt" count="0"/>
      <line num="35" type="stmt" count="0"/>
      <line num="37" type="stmt" count="0"/>
      <line num="42" type="stmt" count="0"/>
      <line num="43" type="stmt" count="0"/>
      <line num="48" type="stmt" count="0"/>
      <line num="49" type="stmt" count="0"/>
      <line num="50" type="stmt" count="0"/>
      <line num="53" type="stmt" count="0"/>
      <line num="54" type="stmt" count="0"/>
      <line num="57" type="stmt" count="1"/>
    </file>
    <file name="/srv/App/Controls/Image/DetailControlFactory.php">
      <metrics loc="10" ncloc="10" classes="0" methods="0" coveredmethods="0" statements="0" coveredstatements="0" elements="0" coveredelements="0" conditionals="0" coveredconditionals="0"/>
      <line num="11" type="stmt" count="1"/>
    </file>
    <file name="/srv/App/Bootstrap.php">
      <metrics loc="39" ncloc="39" classes="1" methods="1" coveredmethods="1" statements="18" coveredstatements="18" elements="19" coveredelements="19" conditionals="0" coveredconditionals="0"/>
      <class namespace="App" name="Bootstrap">
        <metrics methods="1" coveredmethods="1" statements="18" coveredstatements="18" conditionals="0" coveredconditionals="0" elements="19" coveredelements="19"/>
      </class>
      <line num="23" type="stmt" count="1"/>
      <line num="24" type="stmt" count="1"/>
      <line num="25" type="stmt" count="1"/>
      <line num="26" type="stmt" count="1"/>
      <line num="27" type="stmt" count="1"/>
      <line num="28" type="stmt" count="1"/>
      <line num="30" type="stmt" count="1"/>
      <line num="12" type="stmt" count="1"/>
      <line num="13" type="stmt" count="1"/>
      <line num="15" type="stmt" count="1"/>
      <line num="16" type="stmt" count="1"/>
      <line num="18" type="stmt" count="1"/>
      <line num="20" type="stmt" count="1"/>
      <line num="21" type="stmt" count="1"/>
      <line num="22" type="stmt" count="1"/>
      <line num="33" type="stmt" count="1"/>
      <line num="34" type="stmt" count="1"/>
      <line num="36" type="stmt" count="1"/>
      <line num="40" type="stmt" count="1"/>
    </file>
  </project>
</coverage>
